2025-05-06 14:20:26,610 - INFO - P2P Chat GUI started.
2025-05-06 14:20:56,065 - INFO - Hiển thị 0 tin nhắn cho kênh b
2025-05-06 14:20:56,066 - INFO - GUI - Đã chuyển sang kênh 'b'
2025-05-06 14:21:11,165 - INFO - Hiển thị 0 tin nhắn cho kênh a
2025-05-06 14:21:11,166 - INFO - GUI - Đã chuyển sang kênh 'a'
2025-05-06 14:21:11,534 - INFO - Hiển thị 0 tin nhắn cho kênh b
2025-05-06 14:21:11,534 - INFO - GUI - Đã chuyển sang kênh 'b'
2025-05-06 14:22:58,430 - INFO - Hiển thị 1 tin nhắn cho kênh b
2025-05-06 14:23:02,317 - INFO - Hiển thị 2 tin nhắn cho kênh b
2025-05-06 14:23:44,504 - INFO - Hiển thị 3 tin nhắn cho kênh b
2025-05-06 14:23:44,619 - INFO - Hiển thị 4 tin nhắn cho kênh b
2025-05-06 14:23:44,739 - INFO - Hiển thị 5 tin nhắn cho kênh b
2025-05-06 14:24:27,708 - INFO - Hiển thị 0 tin nhắn cho kênh c
2025-05-06 14:24:27,708 - INFO - GUI - Đã chuyển sang kênh 'c'
2025-05-06 14:24:38,281 - INFO - Hiển thị 0 tin nhắn cho kênh c
2025-05-06 14:24:38,282 - INFO - GUI - Đã chuyển sang kênh 'c'
2025-05-06 14:25:09,719 - INFO - Started video streaming
2025-05-06 14:25:09,780 - ERROR - Failed to capture frame
2025-05-06 14:25:09,834 - ERROR - Failed to capture frame
2025-05-06 14:25:09,895 - ERROR - Failed to capture frame
2025-05-06 14:25:09,957 - ERROR - Failed to capture frame
2025-05-06 14:25:10,019 - ERROR - Failed to capture frame
2025-05-06 14:25:10,082 - ERROR - Failed to capture frame
2025-05-06 14:25:10,143 - ERROR - Failed to capture frame
2025-05-06 14:25:10,207 - ERROR - Failed to capture frame
2025-05-06 14:25:10,268 - ERROR - Failed to capture frame
2025-05-06 14:25:10,328 - ERROR - Failed to capture frame
2025-05-06 14:25:10,389 - ERROR - Failed to capture frame
2025-05-06 14:25:10,451 - ERROR - Failed to capture frame
2025-05-06 14:25:10,512 - ERROR - Failed to capture frame
2025-05-06 14:25:10,575 - ERROR - Failed to capture frame
2025-05-06 14:25:10,636 - ERROR - Failed to capture frame
2025-05-06 14:25:10,700 - ERROR - Failed to capture frame
2025-05-06 14:25:10,762 - ERROR - Failed to capture frame
2025-05-06 14:25:10,824 - ERROR - Failed to capture frame
2025-05-06 14:25:10,884 - ERROR - Failed to capture frame
2025-05-06 14:25:10,947 - ERROR - Failed to capture frame
2025-05-06 14:25:11,008 - ERROR - Failed to capture frame
2025-05-06 14:25:11,071 - ERROR - Failed to capture frame
2025-05-06 14:25:11,134 - ERROR - Failed to capture frame
2025-05-06 14:25:11,196 - ERROR - Failed to capture frame
2025-05-06 14:25:11,257 - ERROR - Failed to capture frame
2025-05-06 14:25:11,318 - ERROR - Failed to capture frame
2025-05-06 14:25:11,380 - ERROR - Failed to capture frame
2025-05-06 14:25:11,441 - ERROR - Failed to capture frame
2025-05-06 14:25:11,502 - ERROR - Failed to capture frame
2025-05-06 14:25:11,564 - ERROR - Failed to capture frame
2025-05-06 14:25:11,627 - ERROR - Failed to capture frame
2025-05-06 14:25:11,688 - ERROR - Failed to capture frame
2025-05-06 14:25:11,749 - ERROR - Failed to capture frame
2025-05-06 14:25:11,811 - ERROR - Failed to capture frame
2025-05-06 14:25:11,874 - ERROR - Failed to capture frame
2025-05-06 14:25:11,936 - ERROR - Failed to capture frame
2025-05-06 14:25:11,997 - ERROR - Failed to capture frame
2025-05-06 14:25:12,059 - ERROR - Failed to capture frame
2025-05-06 14:25:12,120 - ERROR - Failed to capture frame
2025-05-06 14:25:12,182 - ERROR - Failed to capture frame
2025-05-06 14:25:12,244 - ERROR - Failed to capture frame
2025-05-06 14:25:12,305 - ERROR - Failed to capture frame
2025-05-06 14:25:12,369 - ERROR - Failed to capture frame
2025-05-06 14:25:12,431 - ERROR - Failed to capture frame
2025-05-06 14:25:12,494 - ERROR - Failed to capture frame
2025-05-06 14:25:12,555 - ERROR - Failed to capture frame
2025-05-06 14:25:12,618 - ERROR - Failed to capture frame
2025-05-06 14:25:12,680 - ERROR - Failed to capture frame
2025-05-06 14:25:12,742 - ERROR - Failed to capture frame
2025-05-06 14:25:12,804 - ERROR - Failed to capture frame
2025-05-06 14:25:12,865 - ERROR - Failed to capture frame
2025-05-06 14:25:12,926 - ERROR - Failed to capture frame
2025-05-06 14:25:12,990 - ERROR - Failed to capture frame
2025-05-06 14:25:13,050 - ERROR - Failed to capture frame
2025-05-06 14:25:13,111 - ERROR - Failed to capture frame
2025-05-06 14:25:13,173 - ERROR - Failed to capture frame
2025-05-06 14:25:13,236 - ERROR - Failed to capture frame
2025-05-06 14:25:13,299 - ERROR - Failed to capture frame
2025-05-06 14:25:13,360 - ERROR - Failed to capture frame
2025-05-06 14:25:13,423 - ERROR - Failed to capture frame
2025-05-06 14:25:13,487 - ERROR - Failed to capture frame
2025-05-06 14:25:13,550 - ERROR - Failed to capture frame
2025-05-06 14:25:13,611 - ERROR - Failed to capture frame
2025-05-06 14:25:13,673 - ERROR - Failed to capture frame
2025-05-06 14:25:13,736 - ERROR - Failed to capture frame
2025-05-06 14:25:13,798 - ERROR - Failed to capture frame
2025-05-06 14:25:13,860 - ERROR - Failed to capture frame
2025-05-06 14:25:13,924 - ERROR - Failed to capture frame
2025-05-06 14:25:13,986 - ERROR - Failed to capture frame
2025-05-06 14:25:14,047 - ERROR - Failed to capture frame
2025-05-06 14:25:14,108 - ERROR - Failed to capture frame
2025-05-06 14:25:14,171 - ERROR - Failed to capture frame
2025-05-06 14:25:14,232 - ERROR - Failed to capture frame
2025-05-06 14:25:14,293 - ERROR - Failed to capture frame
2025-05-06 14:25:14,356 - ERROR - Failed to capture frame
2025-05-06 14:25:14,419 - ERROR - Failed to capture frame
2025-05-06 14:25:14,480 - ERROR - Failed to capture frame
2025-05-06 14:25:14,542 - ERROR - Failed to capture frame
2025-05-06 14:25:14,604 - ERROR - Failed to capture frame
2025-05-06 14:25:14,666 - ERROR - Failed to capture frame
2025-05-06 14:25:14,727 - ERROR - Failed to capture frame
2025-05-06 14:25:14,790 - ERROR - Failed to capture frame
2025-05-06 14:25:14,853 - ERROR - Failed to capture frame
2025-05-06 14:25:14,914 - ERROR - Failed to capture frame
2025-05-06 14:25:14,977 - ERROR - Failed to capture frame
2025-05-06 14:25:15,039 - ERROR - Failed to capture frame
2025-05-06 14:25:15,100 - ERROR - Failed to capture frame
2025-05-06 14:25:15,163 - ERROR - Failed to capture frame
2025-05-06 14:25:15,226 - ERROR - Failed to capture frame
2025-05-06 14:25:15,288 - ERROR - Failed to capture frame
2025-05-06 14:25:15,352 - ERROR - Failed to capture frame
2025-05-06 14:25:15,414 - ERROR - Failed to capture frame
2025-05-06 14:25:15,476 - ERROR - Failed to capture frame
2025-05-06 14:25:15,538 - ERROR - Failed to capture frame
2025-05-06 14:25:15,602 - ERROR - Failed to capture frame
2025-05-06 14:25:15,663 - ERROR - Failed to capture frame
2025-05-06 14:25:15,726 - ERROR - Failed to capture frame
2025-05-06 14:25:15,787 - ERROR - Failed to capture frame
2025-05-06 14:25:15,849 - ERROR - Failed to capture frame
2025-05-06 14:25:15,910 - ERROR - Failed to capture frame
2025-05-06 14:25:15,973 - ERROR - Failed to capture frame
2025-05-06 14:25:16,034 - ERROR - Failed to capture frame
2025-05-06 14:25:16,096 - ERROR - Failed to capture frame
2025-05-06 14:25:16,158 - ERROR - Failed to capture frame
2025-05-06 14:25:16,220 - ERROR - Failed to capture frame
2025-05-06 14:25:16,283 - ERROR - Failed to capture frame
2025-05-06 14:25:16,345 - ERROR - Failed to capture frame
2025-05-06 14:25:16,405 - ERROR - Failed to capture frame
2025-05-06 14:25:16,467 - ERROR - Failed to capture frame
2025-05-06 14:25:16,529 - ERROR - Failed to capture frame
2025-05-06 14:25:16,591 - ERROR - Failed to capture frame
2025-05-06 14:25:16,654 - ERROR - Failed to capture frame
2025-05-06 14:25:16,715 - ERROR - Failed to capture frame
2025-05-06 14:25:16,777 - ERROR - Failed to capture frame
2025-05-06 14:25:16,840 - ERROR - Failed to capture frame
2025-05-06 14:25:16,903 - ERROR - Failed to capture frame
2025-05-06 14:25:16,964 - ERROR - Failed to capture frame
2025-05-06 14:25:17,029 - ERROR - Failed to capture frame
2025-05-06 14:25:17,090 - ERROR - Failed to capture frame
2025-05-06 14:25:17,151 - ERROR - Failed to capture frame
2025-05-06 14:25:17,213 - ERROR - Failed to capture frame
2025-05-06 14:25:17,273 - ERROR - Failed to capture frame
2025-05-06 14:25:17,336 - ERROR - Failed to capture frame
2025-05-06 14:25:17,398 - ERROR - Failed to capture frame
2025-05-06 14:25:17,460 - ERROR - Failed to capture frame
2025-05-06 14:25:17,522 - ERROR - Failed to capture frame
2025-05-06 14:25:17,586 - ERROR - Failed to capture frame
2025-05-06 14:25:17,648 - ERROR - Failed to capture frame
2025-05-06 14:25:17,710 - ERROR - Failed to capture frame
2025-05-06 14:25:17,772 - ERROR - Failed to capture frame
2025-05-06 14:25:17,834 - ERROR - Failed to capture frame
2025-05-06 14:25:17,894 - ERROR - Failed to capture frame
2025-05-06 14:25:17,955 - ERROR - Failed to capture frame
2025-05-06 14:25:18,017 - ERROR - Failed to capture frame
2025-05-06 14:25:18,077 - ERROR - Failed to capture frame
2025-05-06 14:25:18,141 - ERROR - Failed to capture frame
2025-05-06 14:25:18,202 - ERROR - Failed to capture frame
2025-05-06 14:25:18,267 - ERROR - Failed to capture frame
2025-05-06 14:25:18,327 - ERROR - Failed to capture frame
2025-05-06 14:25:18,390 - ERROR - Failed to capture frame
2025-05-06 14:25:18,450 - ERROR - Failed to capture frame
2025-05-06 14:25:18,513 - ERROR - Failed to capture frame
2025-05-06 14:25:18,575 - ERROR - Failed to capture frame
2025-05-06 14:25:18,637 - ERROR - Failed to capture frame
2025-05-06 14:25:18,699 - ERROR - Failed to capture frame
2025-05-06 14:25:18,763 - ERROR - Failed to capture frame
2025-05-06 14:25:18,825 - ERROR - Failed to capture frame
2025-05-06 14:25:18,887 - ERROR - Failed to capture frame
2025-05-06 14:25:18,949 - ERROR - Failed to capture frame
2025-05-06 14:25:19,011 - ERROR - Failed to capture frame
2025-05-06 14:25:19,072 - ERROR - Failed to capture frame
2025-05-06 14:25:19,135 - ERROR - Failed to capture frame
2025-05-06 14:25:19,198 - ERROR - Failed to capture frame
2025-05-06 14:25:19,258 - ERROR - Failed to capture frame
2025-05-06 14:25:19,322 - ERROR - Failed to capture frame
2025-05-06 14:25:19,382 - ERROR - Failed to capture frame
2025-05-06 14:25:19,445 - ERROR - Failed to capture frame
2025-05-06 14:25:19,507 - ERROR - Failed to capture frame
2025-05-06 14:25:19,569 - ERROR - Failed to capture frame
2025-05-06 14:25:19,631 - ERROR - Failed to capture frame
2025-05-06 14:25:19,694 - ERROR - Failed to capture frame
2025-05-06 14:25:19,756 - ERROR - Failed to capture frame
2025-05-06 14:25:19,818 - ERROR - Failed to capture frame
2025-05-06 14:25:19,880 - ERROR - Failed to capture frame
2025-05-06 14:25:19,943 - ERROR - Failed to capture frame
2025-05-06 14:25:20,006 - ERROR - Failed to capture frame
2025-05-06 14:25:20,067 - ERROR - Failed to capture frame
2025-05-06 14:25:20,129 - ERROR - Failed to capture frame
2025-05-06 14:25:20,190 - ERROR - Failed to capture frame
2025-05-06 14:25:20,251 - ERROR - Failed to capture frame
2025-05-06 14:25:20,313 - ERROR - Failed to capture frame
2025-05-06 14:25:20,374 - ERROR - Failed to capture frame
2025-05-06 14:25:20,436 - ERROR - Failed to capture frame
2025-05-06 14:25:20,497 - ERROR - Failed to capture frame
2025-05-06 14:25:20,560 - ERROR - Failed to capture frame
2025-05-06 14:25:20,622 - ERROR - Failed to capture frame
2025-05-06 14:25:20,683 - ERROR - Failed to capture frame
2025-05-06 14:25:20,745 - ERROR - Failed to capture frame
2025-05-06 14:25:20,807 - ERROR - Failed to capture frame
2025-05-06 14:25:20,869 - ERROR - Failed to capture frame
2025-05-06 14:25:20,932 - ERROR - Failed to capture frame
2025-05-06 14:25:20,994 - ERROR - Failed to capture frame
2025-05-06 14:25:21,056 - ERROR - Failed to capture frame
2025-05-06 14:25:21,118 - ERROR - Failed to capture frame
2025-05-06 14:25:21,178 - ERROR - Failed to capture frame
2025-05-06 14:25:21,240 - ERROR - Failed to capture frame
2025-05-06 14:25:21,303 - ERROR - Failed to capture frame
2025-05-06 14:25:21,367 - ERROR - Failed to capture frame
2025-05-06 14:25:21,429 - ERROR - Failed to capture frame
2025-05-06 14:25:21,490 - ERROR - Failed to capture frame
2025-05-06 14:25:21,553 - ERROR - Failed to capture frame
2025-05-06 14:25:21,614 - ERROR - Failed to capture frame
2025-05-06 14:25:21,677 - ERROR - Failed to capture frame
2025-05-06 14:25:21,739 - ERROR - Failed to capture frame
2025-05-06 14:25:21,803 - ERROR - Failed to capture frame
2025-05-06 14:25:21,866 - ERROR - Failed to capture frame
2025-05-06 14:25:21,929 - ERROR - Failed to capture frame
2025-05-06 14:25:21,990 - ERROR - Failed to capture frame
2025-05-06 14:25:22,054 - ERROR - Failed to capture frame
2025-05-06 14:25:22,115 - ERROR - Failed to capture frame
2025-05-06 14:25:22,177 - ERROR - Failed to capture frame
2025-05-06 14:25:22,238 - ERROR - Failed to capture frame
2025-05-06 14:25:22,300 - ERROR - Failed to capture frame
2025-05-06 14:25:22,361 - ERROR - Failed to capture frame
2025-05-06 14:25:22,423 - ERROR - Failed to capture frame
2025-05-06 14:25:22,485 - ERROR - Failed to capture frame
2025-05-06 14:25:22,545 - ERROR - Failed to capture frame
2025-05-06 14:25:22,609 - ERROR - Failed to capture frame
2025-05-06 14:25:22,670 - ERROR - Failed to capture frame
2025-05-06 14:25:22,733 - ERROR - Failed to capture frame
2025-05-06 14:25:22,797 - ERROR - Failed to capture frame
2025-05-06 14:25:22,858 - ERROR - Failed to capture frame
2025-05-06 14:25:22,918 - ERROR - Failed to capture frame
2025-05-06 14:25:22,981 - ERROR - Failed to capture frame
2025-05-06 14:25:23,043 - ERROR - Failed to capture frame
2025-05-06 14:25:23,105 - ERROR - Failed to capture frame
2025-05-06 14:25:23,166 - ERROR - Failed to capture frame
2025-05-06 14:25:23,227 - ERROR - Failed to capture frame
2025-05-06 14:25:23,289 - ERROR - Failed to capture frame
2025-05-06 14:25:23,351 - ERROR - Failed to capture frame
2025-05-06 14:25:23,412 - ERROR - Failed to capture frame
2025-05-06 14:25:23,475 - ERROR - Failed to capture frame
2025-05-06 14:25:23,539 - ERROR - Failed to capture frame
2025-05-06 14:25:23,603 - ERROR - Failed to capture frame
2025-05-06 14:25:23,666 - ERROR - Failed to capture frame
2025-05-06 14:25:23,729 - ERROR - Failed to capture frame
2025-05-06 14:25:23,792 - ERROR - Failed to capture frame
2025-05-06 14:25:23,852 - ERROR - Failed to capture frame
2025-05-06 14:25:23,914 - ERROR - Failed to capture frame
2025-05-06 14:25:23,977 - ERROR - Failed to capture frame
2025-05-06 14:25:24,040 - ERROR - Failed to capture frame
2025-05-06 14:25:24,102 - ERROR - Failed to capture frame
2025-05-06 14:25:24,163 - ERROR - Failed to capture frame
2025-05-06 14:25:24,227 - ERROR - Failed to capture frame
2025-05-06 14:25:24,290 - ERROR - Failed to capture frame
2025-05-06 14:25:24,350 - ERROR - Failed to capture frame
2025-05-06 14:25:24,414 - ERROR - Failed to capture frame
2025-05-06 14:25:24,476 - ERROR - Failed to capture frame
2025-05-06 14:25:24,537 - ERROR - Failed to capture frame
2025-05-06 14:25:24,599 - ERROR - Failed to capture frame
2025-05-06 14:25:24,650 - INFO - Stopped video streaming
2025-05-06 14:25:24,693 - INFO - Hiển thị 1 tin nhắn cho kênh c
2025-05-06 14:25:28,527 - INFO - Started video streaming
2025-05-06 14:26:23,782 - INFO - Stopped video streaming
2025-05-06 14:26:23,802 - INFO - Hiển thị 2 tin nhắn cho kênh c
2025-05-06 14:26:43,510 - INFO - Hiển thị 0 tin nhắn cho kênh a
2025-05-06 14:26:43,510 - INFO - GUI - Đã chuyển sang kênh 'a'
2025-05-06 14:26:43,993 - INFO - Hiển thị 5 tin nhắn cho kênh b
2025-05-06 14:26:43,994 - INFO - GUI - Đã chuyển sang kênh 'b'
2025-05-06 14:26:44,992 - INFO - Hiển thị 0 tin nhắn cho kênh a
2025-05-06 14:26:44,992 - INFO - GUI - Đã chuyển sang kênh 'a'
2025-05-06 14:26:51,089 - INFO - Stopped video streaming
2025-05-06 14:26:51,090 - INFO - Ứng dụng đã đóng
