2025-04-17 14:24:30,672 - INFO - P2P Chat GUI started.
2025-04-17 14:26:06,040 - INFO - Hiển thị 0 tin nhắn cho kênh a
2025-04-17 14:26:09,349 - INFO - Hiển thị 0 tin nhắn cho kênh b
2025-04-17 14:26:15,045 - INFO - Hiển thị 0 tin nhắn cho kênh b
2025-04-17 14:26:15,045 - INFO - GUI - Đã chuyển sang kênh 'b'
2025-04-17 14:26:15,433 - INFO - Hiển thị 1 tin nhắn cho kênh a
2025-04-17 14:26:15,433 - INFO - GUI - Đã chuyển sang kênh 'a'
2025-04-17 14:26:16,109 - INFO - Hiển thị 0 tin nhắn cho kênh b
2025-04-17 14:26:16,109 - INFO - GUI - Đã chuyển sang kênh 'b'
2025-04-17 14:26:21,381 - INFO - Hiển thị 2 tin nhắn cho kênh a
2025-04-17 14:26:21,381 - INFO - GUI - Đã chuyển sang kênh 'a'
2025-04-17 14:26:22,095 - INFO - Hiển thị 0 tin nhắn cho kênh b
2025-04-17 14:26:22,095 - INFO - GUI - Đã chuyển sang kênh 'b'
2025-04-17 14:29:59,026 - INFO - Hiển thị 1 tin nhắn cho kênh b
2025-04-17 14:30:00,759 - INFO - Hiển thị 2 tin nhắn cho kênh a
2025-04-17 14:30:00,759 - INFO - GUI - Đã chuyển sang kênh 'a'
2025-04-17 14:30:01,373 - INFO - Hiển thị 1 tin nhắn cho kênh b
2025-04-17 14:30:01,373 - INFO - GUI - Đã chuyển sang kênh 'b'
2025-04-17 14:30:03,767 - INFO - Hiển thị 0 tin nhắn cho kênh c
2025-04-17 14:30:14,609 - INFO - Hiển thị 1 tin nhắn cho kênh c
2025-04-17 14:30:32,066 - INFO - Ứng dụng đã đóng
