2025-05-06 14:05:25,685 - INFO - PeerClient started.
2025-05-06 14:05:25,703 - INFO - [Tracker] Kết nối tới tracker 127.0.0.1:22110 thành công.
2025-05-06 14:05:25,703 - INFO - Nhận từ tracker: LOGIN_SUCCESS d14efd54-ae4a-4265-9c73-a96732fea7ff
2025-05-06 14:05:25,703 - INFO - Login with session_id: d14efd54-ae4a-4265-9c73-a96732fea7ff
2025-05-06 14:05:25,703 - INFO - PeerClient started successfully.
2025-05-06 14:05:25,703 - INFO - P2P Server đang lắng nghe trên cổng 20000
2025-05-06 14:05:25,703 - INFO - Lấy danh sách peer thành công.
2025-05-06 14:05:29,933 - INFO - Nhận từ tracker: JOINED a
2025-05-06 14:05:29,933 - INFO - Đã chuyển sang kênh 'a'
2025-05-06 14:05:29,933 - INFO - Đã tham gia kênh 'a'
2025-05-06 14:05:29,933 - INFO - Lấy danh sách peer thành công.
2025-05-06 14:05:29,933 - INFO - Đã chuyển sang kênh 'a'
2025-05-06 14:05:33,141 - INFO - Nhận từ tracker: JOINED b
2025-05-06 14:05:33,143 - INFO - Đã chuyển sang kênh 'b'
2025-05-06 14:05:33,143 - INFO - Đã tham gia kênh 'b'
2025-05-06 14:05:33,143 - INFO - Lấy danh sách peer thành công.
2025-05-06 14:05:33,143 - INFO - Đã chuyển sang kênh 'b'
2025-05-06 14:05:36,783 - INFO - PeerClient stopped.
2025-05-06 14:05:47,003 - INFO - PeerClient started.
2025-05-06 14:05:47,003 - INFO - [Tracker] Kết nối tới tracker 127.0.0.1:22110 thành công.
2025-05-06 14:05:47,003 - INFO - Nhận từ tracker: LOGIN_SUCCESS 1060d1e0-0149-4f50-bbe9-04bdae8f3f83
2025-05-06 14:05:47,003 - INFO - Login with session_id: 1060d1e0-0149-4f50-bbe9-04bdae8f3f83
2025-05-06 14:05:47,003 - INFO - PeerClient started successfully.
2025-05-06 14:05:47,003 - INFO - P2P Server đang lắng nghe trên cổng 20000
2025-05-06 14:05:47,003 - INFO - Đã chuyển sang kênh 'b'
2025-05-06 14:05:47,003 - INFO - Lấy danh sách peer thành công.
2025-05-06 14:05:49,723 - INFO - Đã chuyển sang kênh 'a'
2025-05-06 14:05:50,323 - INFO - Đã chuyển sang kênh 'a'
2025-05-06 14:05:51,036 - INFO - Đã chuyển sang kênh 'b'
2025-05-06 14:05:55,623 - INFO - PeerClient stopped.
2025-05-06 14:20:56,060 - INFO - PeerClient started.
2025-05-06 14:20:56,063 - INFO - [Tracker] Kết nối tới tracker 127.0.0.1:22110 thành công.
2025-05-06 14:20:56,064 - INFO - Nhận từ tracker: LOGIN_SUCCESS 981a7d35-cebc-4c4f-8601-b1e57fe2c7e5
2025-05-06 14:20:56,064 - INFO - Login with session_id: 981a7d35-cebc-4c4f-8601-b1e57fe2c7e5
2025-05-06 14:20:56,064 - INFO - PeerClient started successfully.
2025-05-06 14:20:56,064 - INFO - P2P Server đang lắng nghe trên cổng 20000
2025-05-06 14:20:56,065 - INFO - Đã chuyển sang kênh 'b'
2025-05-06 14:20:56,066 - INFO - Lấy danh sách peer thành công.
2025-05-06 14:21:11,165 - INFO - Đã chuyển sang kênh 'a'
2025-05-06 14:21:11,533 - INFO - Đã chuyển sang kênh 'b'
2025-05-06 14:22:04,198 - INFO - Nhận dữ liệu thô từ ('192.168.7.10', 58597): CONTROL:b:REQUEST_STREAM:bob
2025-05-06 14:22:54,403 - INFO - Lấy danh sách peer thành công.
2025-05-06 14:22:58,426 - INFO - Preparing to send message in channel b: hi
2025-05-06 14:22:58,426 - INFO - Lấy danh sách peer thành công.
2025-05-06 14:22:58,426 - INFO - Found 2 peers to send message
2025-05-06 14:22:58,429 - INFO - Network formatted message: CHANNEL:b TIMESTAMP:1746516178.4262314 SENDER_IP:192.168.7.10 SENDER_PORT:20000 SENDER_USERNAME:alice MESSAGE_ID:24294a3e-4d24-49d5-8efb-27b930487391 MESSAGE:hi
2025-05-06 14:22:58,429 - INFO - Skipping send to self alice (192.168.7.10:20000)
2025-05-06 14:22:58,430 - INFO - Sent message to bob (192.168.7.10:20001)
2025-05-06 14:22:58,430 - INFO - Sent message to 1 peers: hi
2025-05-06 14:23:02,314 - INFO - Nhận dữ liệu thô từ ('192.168.7.10', 58602): CHANNEL:b TIMESTAMP:1746516182.3098123 SENDER_IP:192.168.7.10 SENDER_PORT:20001 SENDER_USERNAME:bob MESSAGE_ID:320d1de9-419a-4b68-9787-06b3c2b7cbd9 MESSAGE:hello
2025-05-06 14:23:02,314 - INFO - Đã phân tích tin nhắn: kênh=b, timestamp=1746516182.3098123, sender=192.168.7.10:20001, username=bob, id=320d1de9-419a-4b68-9787-06b3c2b7cbd9, message=hello
2025-05-06 14:23:02,314 - INFO - Nhận tin nhắn từ 192.168.7.10:20001 trên kênh 'b': hello
2025-05-06 14:23:44,501 - INFO - Nhận dữ liệu thô từ ('192.168.7.10', 58604): CHANNEL:b TIMESTAMP:1746516217.157855 SENDER_IP:192.168.7.10 SENDER_PORT:20001 SENDER_USERNAME:bob MESSAGE_ID:b56bfdfd-4b17-4671-a25b-84b9114c3830 MESSAGE:hello
2025-05-06 14:23:44,501 - INFO - Đã phân tích tin nhắn: kênh=b, timestamp=1746516217.157855, sender=192.168.7.10:20001, username=bob, id=b56bfdfd-4b17-4671-a25b-84b9114c3830, message=hello
2025-05-06 14:23:44,501 - INFO - Nhận tin nhắn từ 192.168.7.10:20001 trên kênh 'b': hello
2025-05-06 14:23:44,611 - INFO - Nhận dữ liệu thô từ ('192.168.7.10', 58605): CHANNEL:b TIMESTAMP:1746516218.704419 SENDER_IP:192.168.7.10 SENDER_PORT:20001 SENDER_USERNAME:bob MESSAGE_ID:1fd074b5-cc91-4c54-a0df-0eb38bf87c7a MESSAGE:2
2025-05-06 14:23:44,611 - INFO - Đã phân tích tin nhắn: kênh=b, timestamp=1746516218.704419, sender=192.168.7.10:20001, username=bob, id=1fd074b5-cc91-4c54-a0df-0eb38bf87c7a, message=2
2025-05-06 14:23:44,611 - INFO - Nhận tin nhắn từ 192.168.7.10:20001 trên kênh 'b': 2
2025-05-06 14:23:44,736 - INFO - Nhận dữ liệu thô từ ('192.168.7.10', 58606): CHANNEL:b TIMESTAMP:1746516221.5227137 SENDER_IP:192.168.7.10 SENDER_PORT:20001 SENDER_USERNAME:bob MESSAGE_ID:95b43f49-ece7-42fe-a183-2afe119f2e04 MESSAGE:chào
2025-05-06 14:23:44,736 - INFO - Đã phân tích tin nhắn: kênh=b, timestamp=1746516221.5227137, sender=192.168.7.10:20001, username=bob, id=95b43f49-ece7-42fe-a183-2afe119f2e04, message=chào
2025-05-06 14:23:44,736 - INFO - Nhận tin nhắn từ 192.168.7.10:20001 trên kênh 'b': chào
2025-05-06 14:24:27,704 - INFO - Nhận từ tracker: JOINED c
2025-05-06 14:24:27,707 - INFO - Đã chuyển sang kênh 'c'
2025-05-06 14:24:27,707 - INFO - Đã tham gia kênh 'c'
2025-05-06 14:24:27,707 - INFO - Lấy danh sách peer thành công.
2025-05-06 14:24:27,707 - INFO - Đã chuyển sang kênh 'c'
2025-05-06 14:24:33,400 - INFO - Nhận dữ liệu thô từ ('192.168.7.10', 58614): CONTROL:c:REQUEST_STREAM:nguyen
2025-05-06 14:24:38,281 - INFO - Đã chuyển sang kênh 'c'
2025-05-06 14:24:42,695 - INFO - Nhận dữ liệu thô từ ('192.168.7.10', 58616): CONTROL:c:REQUEST_STREAM:bob
2025-05-06 14:25:24,650 - INFO - Preparing to send message in channel c: --- STREAM_ENDED ---
2025-05-06 14:25:24,651 - INFO - Lấy danh sách peer thành công.
2025-05-06 14:25:24,651 - INFO - Found 3 peers to send message
2025-05-06 14:25:24,653 - INFO - Network formatted message: CHANNEL:c TIMESTAMP:1746516324.6514273 SENDER_IP:192.168.7.10 SENDER_PORT:20000 SENDER_USERNAME:alice MESSAGE_ID:92e3c46c-f6f5-42db-9479-6200093bd4f2 MESSAGE:--- STREAM_ENDED ---
2025-05-06 14:25:24,653 - INFO - Skipping send to self alice (192.168.7.10:20000)
2025-05-06 14:25:24,676 - INFO - Sent message to bob (192.168.7.10:20001)
2025-05-06 14:25:24,693 - INFO - Sent message to nguyen (192.168.7.10:20002)
2025-05-06 14:25:24,693 - INFO - Sent message to 2 peers: --- STREAM_ENDED ---
2025-05-06 14:25:24,694 - INFO - Lấy danh sách peer thành công.
2025-05-06 14:25:28,817 - INFO - Lấy danh sách peer thành công.
2025-05-06 14:25:28,843 - INFO - Lấy danh sách peer thành công.
2025-05-06 14:25:28,904 - INFO - Lấy danh sách peer thành công.
2025-05-06 14:25:28,966 - INFO - Lấy danh sách peer thành công.
2025-05-06 14:25:29,027 - INFO - Lấy danh sách peer thành công.
2025-05-06 14:25:29,089 - INFO - Lấy danh sách peer thành công.
2025-05-06 14:25:29,150 - INFO - Lấy danh sách peer thành công.
2025-05-06 14:25:29,213 - INFO - Lấy danh sách peer thành công.
2025-05-06 14:25:29,275 - INFO - Lấy danh sách peer thành công.
2025-05-06 14:25:29,336 - INFO - Lấy danh sách peer thành công.
2025-05-06 14:25:29,398 - INFO - Lấy danh sách peer thành công.
2025-05-06 14:25:29,461 - INFO - Lấy danh sách peer thành công.
2025-05-06 14:25:29,522 - INFO - Lấy danh sách peer thành công.
2025-05-06 14:25:29,584 - INFO - Lấy danh sách peer thành công.
2025-05-06 14:25:29,648 - INFO - Lấy danh sách peer thành công.
2025-05-06 14:25:29,711 - INFO - Lấy danh sách peer thành công.
2025-05-06 14:25:29,773 - INFO - Lấy danh sách peer thành công.
2025-05-06 14:25:29,836 - INFO - Lấy danh sách peer thành công.
2025-05-06 14:25:29,897 - INFO - Lấy danh sách peer thành công.
2025-05-06 14:25:29,959 - INFO - Lấy danh sách peer thành công.
2025-05-06 14:25:30,021 - INFO - Lấy danh sách peer thành công.
2025-05-06 14:25:30,082 - INFO - Lấy danh sách peer thành công.
2025-05-06 14:25:30,145 - INFO - Lấy danh sách peer thành công.
2025-05-06 14:25:30,207 - INFO - Lấy danh sách peer thành công.
2025-05-06 14:25:30,269 - INFO - Lấy danh sách peer thành công.
2025-05-06 14:25:30,331 - INFO - Lấy danh sách peer thành công.
2025-05-06 14:25:30,395 - INFO - Lấy danh sách peer thành công.
2025-05-06 14:25:30,457 - INFO - Lấy danh sách peer thành công.
2025-05-06 14:25:30,518 - INFO - Lấy danh sách peer thành công.
2025-05-06 14:25:30,581 - INFO - Lấy danh sách peer thành công.
2025-05-06 14:25:30,644 - INFO - Lấy danh sách peer thành công.
2025-05-06 14:25:30,707 - INFO - Lấy danh sách peer thành công.
2025-05-06 14:25:30,769 - INFO - Lấy danh sách peer thành công.
2025-05-06 14:25:30,832 - INFO - Lấy danh sách peer thành công.
2025-05-06 14:25:30,893 - INFO - Lấy danh sách peer thành công.
2025-05-06 14:25:30,956 - INFO - Lấy danh sách peer thành công.
2025-05-06 14:25:31,017 - INFO - Lấy danh sách peer thành công.
2025-05-06 14:25:31,080 - INFO - Lấy danh sách peer thành công.
2025-05-06 14:25:31,143 - INFO - Lấy danh sách peer thành công.
2025-05-06 14:25:31,203 - INFO - Lấy danh sách peer thành công.
2025-05-06 14:25:31,264 - INFO - Lấy danh sách peer thành công.
2025-05-06 14:25:31,327 - INFO - Lấy danh sách peer thành công.
2025-05-06 14:25:31,389 - INFO - Lấy danh sách peer thành công.
2025-05-06 14:25:31,451 - INFO - Lấy danh sách peer thành công.
2025-05-06 14:25:31,513 - INFO - Lấy danh sách peer thành công.
2025-05-06 14:25:31,573 - INFO - Lấy danh sách peer thành công.
2025-05-06 14:25:31,636 - INFO - Lấy danh sách peer thành công.
2025-05-06 14:25:31,697 - INFO - Lấy danh sách peer thành công.
2025-05-06 14:25:31,758 - INFO - Lấy danh sách peer thành công.
2025-05-06 14:25:31,820 - INFO - Lấy danh sách peer thành công.
2025-05-06 14:25:31,883 - INFO - Lấy danh sách peer thành công.
2025-05-06 14:25:31,943 - INFO - Lấy danh sách peer thành công.
2025-05-06 14:25:32,007 - INFO - Lấy danh sách peer thành công.
2025-05-06 14:25:32,070 - INFO - Lấy danh sách peer thành công.
2025-05-06 14:25:32,130 - INFO - Lấy danh sách peer thành công.
2025-05-06 14:25:32,191 - INFO - Lấy danh sách peer thành công.
2025-05-06 14:25:32,253 - INFO - Lấy danh sách peer thành công.
2025-05-06 14:25:32,317 - INFO - Lấy danh sách peer thành công.
2025-05-06 14:25:32,378 - INFO - Lấy danh sách peer thành công.
2025-05-06 14:25:32,439 - INFO - Lấy danh sách peer thành công.
2025-05-06 14:25:32,500 - INFO - Lấy danh sách peer thành công.
2025-05-06 14:25:32,561 - INFO - Lấy danh sách peer thành công.
2025-05-06 14:25:32,622 - INFO - Lấy danh sách peer thành công.
2025-05-06 14:25:32,684 - INFO - Lấy danh sách peer thành công.
2025-05-06 14:25:32,746 - INFO - Lấy danh sách peer thành công.
2025-05-06 14:25:32,810 - INFO - Lấy danh sách peer thành công.
2025-05-06 14:25:32,872 - INFO - Lấy danh sách peer thành công.
2025-05-06 14:25:32,931 - INFO - Lấy danh sách peer thành công.
2025-05-06 14:25:32,995 - INFO - Lấy danh sách peer thành công.
2025-05-06 14:25:33,058 - INFO - Lấy danh sách peer thành công.
2025-05-06 14:25:33,120 - INFO - Lấy danh sách peer thành công.
2025-05-06 14:25:33,180 - INFO - Lấy danh sách peer thành công.
2025-05-06 14:25:33,244 - INFO - Lấy danh sách peer thành công.
2025-05-06 14:25:33,306 - INFO - Lấy danh sách peer thành công.
2025-05-06 14:25:33,367 - INFO - Lấy danh sách peer thành công.
2025-05-06 14:25:33,429 - INFO - Lấy danh sách peer thành công.
2025-05-06 14:25:33,493 - INFO - Lấy danh sách peer thành công.
2025-05-06 14:25:33,552 - INFO - Lấy danh sách peer thành công.
2025-05-06 14:25:33,616 - INFO - Lấy danh sách peer thành công.
2025-05-06 14:25:33,677 - INFO - Lấy danh sách peer thành công.
2025-05-06 14:25:33,739 - INFO - Lấy danh sách peer thành công.
2025-05-06 14:25:33,801 - INFO - Lấy danh sách peer thành công.
2025-05-06 14:25:33,863 - INFO - Lấy danh sách peer thành công.
2025-05-06 14:25:33,927 - INFO - Lấy danh sách peer thành công.
2025-05-06 14:25:33,988 - INFO - Lấy danh sách peer thành công.
2025-05-06 14:25:34,050 - INFO - Lấy danh sách peer thành công.
2025-05-06 14:25:34,113 - INFO - Lấy danh sách peer thành công.
2025-05-06 14:25:34,173 - INFO - Lấy danh sách peer thành công.
2025-05-06 14:25:34,235 - INFO - Lấy danh sách peer thành công.
2025-05-06 14:25:34,296 - INFO - Lấy danh sách peer thành công.
2025-05-06 14:25:34,357 - INFO - Lấy danh sách peer thành công.
2025-05-06 14:25:34,420 - INFO - Lấy danh sách peer thành công.
2025-05-06 14:25:34,480 - INFO - Lấy danh sách peer thành công.
2025-05-06 14:25:34,543 - INFO - Lấy danh sách peer thành công.
2025-05-06 14:25:34,603 - INFO - Lấy danh sách peer thành công.
2025-05-06 14:25:34,667 - INFO - Lấy danh sách peer thành công.
2025-05-06 14:25:34,729 - INFO - Lấy danh sách peer thành công.
2025-05-06 14:25:34,792 - INFO - Lấy danh sách peer thành công.
2025-05-06 14:25:34,854 - INFO - Lấy danh sách peer thành công.
2025-05-06 14:25:34,917 - INFO - Lấy danh sách peer thành công.
2025-05-06 14:25:34,980 - INFO - Lấy danh sách peer thành công.
2025-05-06 14:25:35,041 - INFO - Lấy danh sách peer thành công.
2025-05-06 14:25:35,102 - INFO - Lấy danh sách peer thành công.
2025-05-06 14:25:35,166 - INFO - Lấy danh sách peer thành công.
2025-05-06 14:25:35,228 - INFO - Lấy danh sách peer thành công.
2025-05-06 14:25:35,289 - INFO - Lấy danh sách peer thành công.
2025-05-06 14:25:35,350 - INFO - Lấy danh sách peer thành công.
2025-05-06 14:25:35,414 - INFO - Lấy danh sách peer thành công.
2025-05-06 14:25:35,476 - INFO - Lấy danh sách peer thành công.
2025-05-06 14:25:35,539 - INFO - Lấy danh sách peer thành công.
2025-05-06 14:25:35,600 - INFO - Lấy danh sách peer thành công.
2025-05-06 14:25:35,662 - INFO - Lấy danh sách peer thành công.
2025-05-06 14:25:35,721 - INFO - Lấy danh sách peer thành công.
2025-05-06 14:25:35,787 - INFO - Lấy danh sách peer thành công.
2025-05-06 14:25:35,847 - INFO - Lấy danh sách peer thành công.
2025-05-06 14:25:35,907 - INFO - Lấy danh sách peer thành công.
2025-05-06 14:25:35,970 - INFO - Lấy danh sách peer thành công.
2025-05-06 14:25:36,033 - INFO - Lấy danh sách peer thành công.
2025-05-06 14:25:36,095 - INFO - Lấy danh sách peer thành công.
2025-05-06 14:25:36,157 - INFO - Lấy danh sách peer thành công.
2025-05-06 14:25:36,220 - INFO - Lấy danh sách peer thành công.
2025-05-06 14:25:36,282 - INFO - Lấy danh sách peer thành công.
2025-05-06 14:25:36,344 - INFO - Lấy danh sách peer thành công.
2025-05-06 14:25:36,406 - INFO - Lấy danh sách peer thành công.
2025-05-06 14:25:36,468 - INFO - Lấy danh sách peer thành công.
2025-05-06 14:25:36,531 - INFO - Lấy danh sách peer thành công.
2025-05-06 14:25:36,593 - INFO - Lấy danh sách peer thành công.
2025-05-06 14:25:36,654 - INFO - Lấy danh sách peer thành công.
2025-05-06 14:25:36,717 - INFO - Lấy danh sách peer thành công.
2025-05-06 14:25:36,779 - INFO - Lấy danh sách peer thành công.
2025-05-06 14:25:36,841 - INFO - Lấy danh sách peer thành công.
2025-05-06 14:25:36,901 - INFO - Lấy danh sách peer thành công.
2025-05-06 14:25:36,964 - INFO - Lấy danh sách peer thành công.
2025-05-06 14:25:37,025 - INFO - Lấy danh sách peer thành công.
2025-05-06 14:25:37,086 - INFO - Lấy danh sách peer thành công.
2025-05-06 14:25:37,148 - INFO - Lấy danh sách peer thành công.
2025-05-06 14:25:37,208 - INFO - Lấy danh sách peer thành công.
2025-05-06 14:25:37,270 - INFO - Lấy danh sách peer thành công.
2025-05-06 14:25:37,331 - INFO - Lấy danh sách peer thành công.
2025-05-06 14:25:37,395 - INFO - Lấy danh sách peer thành công.
2025-05-06 14:25:37,456 - INFO - Lấy danh sách peer thành công.
2025-05-06 14:25:37,518 - INFO - Lấy danh sách peer thành công.
2025-05-06 14:25:37,581 - INFO - Lấy danh sách peer thành công.
2025-05-06 14:25:37,641 - INFO - Lấy danh sách peer thành công.
2025-05-06 14:25:37,702 - INFO - Lấy danh sách peer thành công.
2025-05-06 14:25:37,762 - INFO - Lấy danh sách peer thành công.
2025-05-06 14:25:37,826 - INFO - Lấy danh sách peer thành công.
2025-05-06 14:25:37,888 - INFO - Lấy danh sách peer thành công.
2025-05-06 14:25:37,950 - INFO - Lấy danh sách peer thành công.
2025-05-06 14:25:38,012 - INFO - Lấy danh sách peer thành công.
2025-05-06 14:25:38,073 - INFO - Lấy danh sách peer thành công.
2025-05-06 14:25:38,136 - INFO - Lấy danh sách peer thành công.
2025-05-06 14:25:38,198 - INFO - Lấy danh sách peer thành công.
2025-05-06 14:25:38,260 - INFO - Lấy danh sách peer thành công.
2025-05-06 14:25:38,321 - INFO - Lấy danh sách peer thành công.
2025-05-06 14:25:38,383 - INFO - Lấy danh sách peer thành công.
2025-05-06 14:25:38,445 - INFO - Lấy danh sách peer thành công.
2025-05-06 14:25:38,506 - INFO - Lấy danh sách peer thành công.
2025-05-06 14:25:38,569 - INFO - Lấy danh sách peer thành công.
2025-05-06 14:25:38,630 - INFO - Lấy danh sách peer thành công.
2025-05-06 14:25:38,693 - INFO - Lấy danh sách peer thành công.
2025-05-06 14:25:38,756 - INFO - Lấy danh sách peer thành công.
2025-05-06 14:25:38,817 - INFO - Lấy danh sách peer thành công.
2025-05-06 14:25:38,880 - INFO - Lấy danh sách peer thành công.
2025-05-06 14:25:38,941 - INFO - Lấy danh sách peer thành công.
2025-05-06 14:25:39,002 - INFO - Lấy danh sách peer thành công.
2025-05-06 14:25:39,065 - INFO - Lấy danh sách peer thành công.
2025-05-06 14:25:39,127 - INFO - Lấy danh sách peer thành công.
2025-05-06 14:25:39,188 - INFO - Lấy danh sách peer thành công.
2025-05-06 14:25:39,250 - INFO - Lấy danh sách peer thành công.
2025-05-06 14:25:39,313 - INFO - Lấy danh sách peer thành công.
2025-05-06 14:25:39,375 - INFO - Lấy danh sách peer thành công.
2025-05-06 14:25:39,437 - INFO - Lấy danh sách peer thành công.
2025-05-06 14:25:39,500 - INFO - Lấy danh sách peer thành công.
2025-05-06 14:25:39,561 - INFO - Lấy danh sách peer thành công.
2025-05-06 14:25:39,622 - INFO - Lấy danh sách peer thành công.
2025-05-06 14:25:39,684 - INFO - Lấy danh sách peer thành công.
2025-05-06 14:25:39,746 - INFO - Lấy danh sách peer thành công.
2025-05-06 14:25:39,808 - INFO - Lấy danh sách peer thành công.
2025-05-06 14:25:39,868 - INFO - Lấy danh sách peer thành công.
2025-05-06 14:25:39,931 - INFO - Lấy danh sách peer thành công.
2025-05-06 14:25:39,992 - INFO - Lấy danh sách peer thành công.
2025-05-06 14:25:40,055 - INFO - Lấy danh sách peer thành công.
2025-05-06 14:25:40,117 - INFO - Lấy danh sách peer thành công.
2025-05-06 14:25:40,180 - INFO - Lấy danh sách peer thành công.
2025-05-06 14:25:40,241 - INFO - Lấy danh sách peer thành công.
2025-05-06 14:25:40,301 - INFO - Lấy danh sách peer thành công.
2025-05-06 14:25:40,364 - INFO - Lấy danh sách peer thành công.
2025-05-06 14:25:40,428 - INFO - Lấy danh sách peer thành công.
2025-05-06 14:25:40,487 - INFO - Lấy danh sách peer thành công.
2025-05-06 14:25:40,548 - INFO - Lấy danh sách peer thành công.
2025-05-06 14:25:40,610 - INFO - Lấy danh sách peer thành công.
2025-05-06 14:25:40,672 - INFO - Lấy danh sách peer thành công.
2025-05-06 14:25:40,734 - INFO - Lấy danh sách peer thành công.
2025-05-06 14:25:40,796 - INFO - Lấy danh sách peer thành công.
2025-05-06 14:25:40,859 - INFO - Lấy danh sách peer thành công.
2025-05-06 14:25:40,921 - INFO - Lấy danh sách peer thành công.
2025-05-06 14:25:40,984 - INFO - Lấy danh sách peer thành công.
2025-05-06 14:25:41,045 - INFO - Lấy danh sách peer thành công.
2025-05-06 14:25:41,109 - INFO - Lấy danh sách peer thành công.
2025-05-06 14:25:41,169 - INFO - Lấy danh sách peer thành công.
2025-05-06 14:25:41,231 - INFO - Lấy danh sách peer thành công.
2025-05-06 14:25:41,294 - INFO - Lấy danh sách peer thành công.
2025-05-06 14:25:41,356 - INFO - Lấy danh sách peer thành công.
2025-05-06 14:25:41,419 - INFO - Lấy danh sách peer thành công.
2025-05-06 14:25:41,482 - INFO - Lấy danh sách peer thành công.
2025-05-06 14:25:41,544 - INFO - Lấy danh sách peer thành công.
2025-05-06 14:25:41,605 - INFO - Lấy danh sách peer thành công.
2025-05-06 14:25:41,667 - INFO - Lấy danh sách peer thành công.
2025-05-06 14:25:41,729 - INFO - Lấy danh sách peer thành công.
2025-05-06 14:25:41,792 - INFO - Lấy danh sách peer thành công.
2025-05-06 14:25:41,853 - INFO - Lấy danh sách peer thành công.
2025-05-06 14:25:41,916 - INFO - Lấy danh sách peer thành công.
2025-05-06 14:25:41,978 - INFO - Lấy danh sách peer thành công.
2025-05-06 14:25:42,039 - INFO - Lấy danh sách peer thành công.
2025-05-06 14:25:42,101 - INFO - Lấy danh sách peer thành công.
2025-05-06 14:25:42,162 - INFO - Lấy danh sách peer thành công.
2025-05-06 14:25:42,224 - INFO - Lấy danh sách peer thành công.
2025-05-06 14:25:42,288 - INFO - Lấy danh sách peer thành công.
2025-05-06 14:25:42,352 - INFO - Lấy danh sách peer thành công.
2025-05-06 14:25:42,414 - INFO - Lấy danh sách peer thành công.
2025-05-06 14:25:42,477 - INFO - Lấy danh sách peer thành công.
2025-05-06 14:25:42,539 - INFO - Lấy danh sách peer thành công.
2025-05-06 14:25:42,601 - INFO - Lấy danh sách peer thành công.
2025-05-06 14:25:42,664 - INFO - Lấy danh sách peer thành công.
2025-05-06 14:25:42,724 - INFO - Lấy danh sách peer thành công.
2025-05-06 14:25:42,786 - INFO - Lấy danh sách peer thành công.
2025-05-06 14:25:42,850 - INFO - Lấy danh sách peer thành công.
2025-05-06 14:25:42,913 - INFO - Lấy danh sách peer thành công.
2025-05-06 14:25:42,976 - INFO - Lấy danh sách peer thành công.
2025-05-06 14:25:43,040 - INFO - Lấy danh sách peer thành công.
2025-05-06 14:25:43,102 - INFO - Lấy danh sách peer thành công.
2025-05-06 14:25:43,162 - INFO - Lấy danh sách peer thành công.
2025-05-06 14:25:43,225 - INFO - Lấy danh sách peer thành công.
2025-05-06 14:25:43,287 - INFO - Lấy danh sách peer thành công.
2025-05-06 14:25:43,348 - INFO - Lấy danh sách peer thành công.
2025-05-06 14:25:43,409 - INFO - Lấy danh sách peer thành công.
2025-05-06 14:25:43,470 - INFO - Lấy danh sách peer thành công.
2025-05-06 14:25:43,532 - INFO - Lấy danh sách peer thành công.
2025-05-06 14:25:43,594 - INFO - Lấy danh sách peer thành công.
2025-05-06 14:25:43,657 - INFO - Lấy danh sách peer thành công.
2025-05-06 14:25:43,719 - INFO - Lấy danh sách peer thành công.
2025-05-06 14:25:43,782 - INFO - Lấy danh sách peer thành công.
2025-05-06 14:25:43,845 - INFO - Lấy danh sách peer thành công.
2025-05-06 14:25:43,909 - INFO - Lấy danh sách peer thành công.
2025-05-06 14:25:43,970 - INFO - Lấy danh sách peer thành công.
2025-05-06 14:25:44,031 - INFO - Lấy danh sách peer thành công.
2025-05-06 14:25:44,094 - INFO - Lấy danh sách peer thành công.
2025-05-06 14:25:44,156 - INFO - Lấy danh sách peer thành công.
2025-05-06 14:25:44,217 - INFO - Lấy danh sách peer thành công.
2025-05-06 14:25:44,280 - INFO - Lấy danh sách peer thành công.
2025-05-06 14:25:44,342 - INFO - Lấy danh sách peer thành công.
2025-05-06 14:25:44,403 - INFO - Lấy danh sách peer thành công.
2025-05-06 14:25:44,466 - INFO - Lấy danh sách peer thành công.
2025-05-06 14:25:44,529 - INFO - Lấy danh sách peer thành công.
2025-05-06 14:25:44,588 - INFO - Lấy danh sách peer thành công.
2025-05-06 14:25:44,652 - INFO - Lấy danh sách peer thành công.
2025-05-06 14:25:44,713 - INFO - Lấy danh sách peer thành công.
2025-05-06 14:25:44,774 - INFO - Lấy danh sách peer thành công.
2025-05-06 14:25:44,836 - INFO - Lấy danh sách peer thành công.
2025-05-06 14:25:44,897 - INFO - Lấy danh sách peer thành công.
2025-05-06 14:25:44,960 - INFO - Lấy danh sách peer thành công.
2025-05-06 14:25:45,022 - INFO - Lấy danh sách peer thành công.
2025-05-06 14:25:45,084 - INFO - Lấy danh sách peer thành công.
2025-05-06 14:25:45,148 - INFO - Lấy danh sách peer thành công.
2025-05-06 14:25:45,210 - INFO - Lấy danh sách peer thành công.
2025-05-06 14:25:45,270 - INFO - Lấy danh sách peer thành công.
2025-05-06 14:25:45,333 - INFO - Lấy danh sách peer thành công.
2025-05-06 14:25:45,393 - INFO - Lấy danh sách peer thành công.
2025-05-06 14:25:45,457 - INFO - Lấy danh sách peer thành công.
2025-05-06 14:25:45,519 - INFO - Lấy danh sách peer thành công.
2025-05-06 14:25:45,582 - INFO - Lấy danh sách peer thành công.
2025-05-06 14:25:45,643 - INFO - Lấy danh sách peer thành công.
2025-05-06 14:25:45,704 - INFO - Lấy danh sách peer thành công.
2025-05-06 14:25:45,764 - INFO - Lấy danh sách peer thành công.
2025-05-06 14:25:45,828 - INFO - Lấy danh sách peer thành công.
2025-05-06 14:25:45,890 - INFO - Lấy danh sách peer thành công.
2025-05-06 14:25:45,951 - INFO - Lấy danh sách peer thành công.
2025-05-06 14:25:46,012 - INFO - Lấy danh sách peer thành công.
2025-05-06 14:25:46,074 - INFO - Lấy danh sách peer thành công.
2025-05-06 14:25:46,136 - INFO - Lấy danh sách peer thành công.
2025-05-06 14:25:46,197 - INFO - Lấy danh sách peer thành công.
2025-05-06 14:25:46,261 - INFO - Lấy danh sách peer thành công.
2025-05-06 14:25:46,322 - INFO - Lấy danh sách peer thành công.
2025-05-06 14:25:46,384 - INFO - Lấy danh sách peer thành công.
2025-05-06 14:25:46,445 - INFO - Lấy danh sách peer thành công.
2025-05-06 14:25:46,507 - INFO - Lấy danh sách peer thành công.
2025-05-06 14:25:46,568 - INFO - Lấy danh sách peer thành công.
2025-05-06 14:25:46,630 - INFO - Lấy danh sách peer thành công.
2025-05-06 14:25:46,690 - INFO - Lấy danh sách peer thành công.
2025-05-06 14:25:46,752 - INFO - Lấy danh sách peer thành công.
2025-05-06 14:25:46,816 - INFO - Lấy danh sách peer thành công.
2025-05-06 14:25:46,877 - INFO - Lấy danh sách peer thành công.
2025-05-06 14:25:46,938 - INFO - Lấy danh sách peer thành công.
2025-05-06 14:25:47,000 - INFO - Lấy danh sách peer thành công.
2025-05-06 14:25:47,061 - INFO - Lấy danh sách peer thành công.
2025-05-06 14:25:47,122 - INFO - Lấy danh sách peer thành công.
2025-05-06 14:25:47,183 - INFO - Lấy danh sách peer thành công.
2025-05-06 14:25:47,247 - INFO - Lấy danh sách peer thành công.
2025-05-06 14:25:47,307 - INFO - Lấy danh sách peer thành công.
2025-05-06 14:25:47,369 - INFO - Lấy danh sách peer thành công.
2025-05-06 14:25:47,433 - INFO - Lấy danh sách peer thành công.
2025-05-06 14:25:47,493 - INFO - Lấy danh sách peer thành công.
2025-05-06 14:25:47,555 - INFO - Lấy danh sách peer thành công.
2025-05-06 14:25:47,617 - INFO - Lấy danh sách peer thành công.
2025-05-06 14:25:47,677 - INFO - Lấy danh sách peer thành công.
2025-05-06 14:25:47,740 - INFO - Lấy danh sách peer thành công.
2025-05-06 14:25:47,803 - INFO - Lấy danh sách peer thành công.
2025-05-06 14:25:47,864 - INFO - Lấy danh sách peer thành công.
2025-05-06 14:25:47,927 - INFO - Lấy danh sách peer thành công.
2025-05-06 14:25:47,990 - INFO - Lấy danh sách peer thành công.
2025-05-06 14:25:48,052 - INFO - Lấy danh sách peer thành công.
2025-05-06 14:25:48,113 - INFO - Lấy danh sách peer thành công.
2025-05-06 14:25:48,176 - INFO - Lấy danh sách peer thành công.
2025-05-06 14:25:48,238 - INFO - Lấy danh sách peer thành công.
2025-05-06 14:25:48,299 - INFO - Lấy danh sách peer thành công.
2025-05-06 14:25:48,360 - INFO - Lấy danh sách peer thành công.
2025-05-06 14:25:48,422 - INFO - Lấy danh sách peer thành công.
2025-05-06 14:25:48,484 - INFO - Lấy danh sách peer thành công.
2025-05-06 14:25:48,546 - INFO - Lấy danh sách peer thành công.
2025-05-06 14:25:48,610 - INFO - Lấy danh sách peer thành công.
2025-05-06 14:25:48,671 - INFO - Lấy danh sách peer thành công.
2025-05-06 14:25:48,733 - INFO - Lấy danh sách peer thành công.
2025-05-06 14:25:48,796 - INFO - Lấy danh sách peer thành công.
2025-05-06 14:25:48,859 - INFO - Lấy danh sách peer thành công.
2025-05-06 14:25:48,919 - INFO - Lấy danh sách peer thành công.
2025-05-06 14:25:48,979 - INFO - Lấy danh sách peer thành công.
2025-05-06 14:25:49,041 - INFO - Lấy danh sách peer thành công.
2025-05-06 14:25:49,102 - INFO - Lấy danh sách peer thành công.
2025-05-06 14:25:49,164 - INFO - Lấy danh sách peer thành công.
2025-05-06 14:25:49,227 - INFO - Lấy danh sách peer thành công.
2025-05-06 14:25:49,288 - INFO - Lấy danh sách peer thành công.
2025-05-06 14:25:49,351 - INFO - Lấy danh sách peer thành công.
2025-05-06 14:25:49,412 - INFO - Lấy danh sách peer thành công.
2025-05-06 14:25:49,476 - INFO - Lấy danh sách peer thành công.
2025-05-06 14:25:49,540 - INFO - Lấy danh sách peer thành công.
2025-05-06 14:25:49,600 - INFO - Lấy danh sách peer thành công.
2025-05-06 14:25:49,661 - INFO - Lấy danh sách peer thành công.
2025-05-06 14:25:49,724 - INFO - Lấy danh sách peer thành công.
2025-05-06 14:25:49,787 - INFO - Lấy danh sách peer thành công.
2025-05-06 14:25:49,849 - INFO - Lấy danh sách peer thành công.
2025-05-06 14:25:49,911 - INFO - Lấy danh sách peer thành công.
2025-05-06 14:25:49,974 - INFO - Lấy danh sách peer thành công.
2025-05-06 14:25:50,034 - INFO - Lấy danh sách peer thành công.
2025-05-06 14:25:50,098 - INFO - Lấy danh sách peer thành công.
2025-05-06 14:25:50,161 - INFO - Lấy danh sách peer thành công.
2025-05-06 14:25:50,223 - INFO - Lấy danh sách peer thành công.
2025-05-06 14:25:50,284 - INFO - Lấy danh sách peer thành công.
2025-05-06 14:25:50,346 - INFO - Lấy danh sách peer thành công.
2025-05-06 14:25:50,408 - INFO - Lấy danh sách peer thành công.
2025-05-06 14:25:50,471 - INFO - Lấy danh sách peer thành công.
2025-05-06 14:25:50,533 - INFO - Lấy danh sách peer thành công.
2025-05-06 14:25:50,595 - INFO - Lấy danh sách peer thành công.
2025-05-06 14:25:50,656 - INFO - Lấy danh sách peer thành công.
2025-05-06 14:25:50,719 - INFO - Lấy danh sách peer thành công.
2025-05-06 14:25:50,781 - INFO - Lấy danh sách peer thành công.
2025-05-06 14:25:50,844 - INFO - Lấy danh sách peer thành công.
2025-05-06 14:25:50,907 - INFO - Lấy danh sách peer thành công.
2025-05-06 14:25:50,968 - INFO - Lấy danh sách peer thành công.
2025-05-06 14:25:51,028 - INFO - Lấy danh sách peer thành công.
2025-05-06 14:25:51,090 - INFO - Lấy danh sách peer thành công.
2025-05-06 14:25:51,152 - INFO - Lấy danh sách peer thành công.
2025-05-06 14:25:51,216 - INFO - Lấy danh sách peer thành công.
2025-05-06 14:25:51,278 - INFO - Lấy danh sách peer thành công.
2025-05-06 14:25:51,340 - INFO - Lấy danh sách peer thành công.
2025-05-06 14:25:51,402 - INFO - Lấy danh sách peer thành công.
2025-05-06 14:25:51,463 - INFO - Lấy danh sách peer thành công.
2025-05-06 14:25:51,527 - INFO - Lấy danh sách peer thành công.
2025-05-06 14:25:51,587 - INFO - Lấy danh sách peer thành công.
2025-05-06 14:25:51,650 - INFO - Lấy danh sách peer thành công.
2025-05-06 14:25:51,712 - INFO - Lấy danh sách peer thành công.
2025-05-06 14:25:51,773 - INFO - Lấy danh sách peer thành công.
2025-05-06 14:25:51,835 - INFO - Lấy danh sách peer thành công.
2025-05-06 14:25:51,898 - INFO - Lấy danh sách peer thành công.
2025-05-06 14:25:51,960 - INFO - Lấy danh sách peer thành công.
2025-05-06 14:25:52,020 - INFO - Lấy danh sách peer thành công.
2025-05-06 14:25:52,083 - INFO - Lấy danh sách peer thành công.
2025-05-06 14:25:52,142 - INFO - Lấy danh sách peer thành công.
2025-05-06 14:25:52,205 - INFO - Lấy danh sách peer thành công.
2025-05-06 14:25:52,268 - INFO - Lấy danh sách peer thành công.
2025-05-06 14:25:52,331 - INFO - Lấy danh sách peer thành công.
2025-05-06 14:25:52,395 - INFO - Lấy danh sách peer thành công.
2025-05-06 14:25:52,456 - INFO - Lấy danh sách peer thành công.
2025-05-06 14:25:52,519 - INFO - Lấy danh sách peer thành công.
2025-05-06 14:25:52,581 - INFO - Lấy danh sách peer thành công.
2025-05-06 14:25:52,643 - INFO - Lấy danh sách peer thành công.
2025-05-06 14:25:52,707 - INFO - Lấy danh sách peer thành công.
2025-05-06 14:25:52,770 - INFO - Lấy danh sách peer thành công.
2025-05-06 14:25:52,832 - INFO - Lấy danh sách peer thành công.
2025-05-06 14:25:52,892 - INFO - Lấy danh sách peer thành công.
2025-05-06 14:25:52,956 - INFO - Lấy danh sách peer thành công.
2025-05-06 14:25:53,018 - INFO - Lấy danh sách peer thành công.
2025-05-06 14:25:53,079 - INFO - Lấy danh sách peer thành công.
2025-05-06 14:25:53,143 - INFO - Lấy danh sách peer thành công.
2025-05-06 14:25:53,206 - INFO - Lấy danh sách peer thành công.
2025-05-06 14:25:53,267 - INFO - Lấy danh sách peer thành công.
2025-05-06 14:25:53,330 - INFO - Lấy danh sách peer thành công.
2025-05-06 14:25:53,390 - INFO - Lấy danh sách peer thành công.
2025-05-06 14:25:53,452 - INFO - Lấy danh sách peer thành công.
2025-05-06 14:25:53,514 - INFO - Lấy danh sách peer thành công.
2025-05-06 14:25:53,577 - INFO - Lấy danh sách peer thành công.
2025-05-06 14:25:53,639 - INFO - Lấy danh sách peer thành công.
2025-05-06 14:25:53,700 - INFO - Lấy danh sách peer thành công.
2025-05-06 14:25:53,760 - INFO - Lấy danh sách peer thành công.
2025-05-06 14:25:53,822 - INFO - Lấy danh sách peer thành công.
2025-05-06 14:25:53,883 - INFO - Lấy danh sách peer thành công.
2025-05-06 14:25:53,947 - INFO - Lấy danh sách peer thành công.
2025-05-06 14:25:54,011 - INFO - Lấy danh sách peer thành công.
2025-05-06 14:25:54,072 - INFO - Lấy danh sách peer thành công.
2025-05-06 14:25:54,136 - INFO - Lấy danh sách peer thành công.
2025-05-06 14:25:54,197 - INFO - Lấy danh sách peer thành công.
2025-05-06 14:25:54,257 - INFO - Lấy danh sách peer thành công.
2025-05-06 14:25:54,318 - INFO - Lấy danh sách peer thành công.
2025-05-06 14:25:54,379 - INFO - Lấy danh sách peer thành công.
2025-05-06 14:25:54,440 - INFO - Lấy danh sách peer thành công.
2025-05-06 14:25:54,504 - INFO - Lấy danh sách peer thành công.
2025-05-06 14:25:54,566 - INFO - Lấy danh sách peer thành công.
2025-05-06 14:25:54,629 - INFO - Lấy danh sách peer thành công.
2025-05-06 14:25:54,691 - INFO - Lấy danh sách peer thành công.
2025-05-06 14:25:54,752 - INFO - Lấy danh sách peer thành công.
2025-05-06 14:25:54,814 - INFO - Lấy danh sách peer thành công.
2025-05-06 14:25:54,877 - INFO - Lấy danh sách peer thành công.
2025-05-06 14:25:54,939 - INFO - Lấy danh sách peer thành công.
2025-05-06 14:25:55,002 - INFO - Lấy danh sách peer thành công.
2025-05-06 14:25:55,064 - INFO - Lấy danh sách peer thành công.
2025-05-06 14:25:55,128 - INFO - Lấy danh sách peer thành công.
2025-05-06 14:25:55,189 - INFO - Lấy danh sách peer thành công.
2025-05-06 14:25:55,250 - INFO - Lấy danh sách peer thành công.
2025-05-06 14:25:55,314 - INFO - Lấy danh sách peer thành công.
2025-05-06 14:25:55,377 - INFO - Lấy danh sách peer thành công.
2025-05-06 14:25:55,438 - INFO - Lấy danh sách peer thành công.
2025-05-06 14:25:55,500 - INFO - Lấy danh sách peer thành công.
2025-05-06 14:25:55,562 - INFO - Lấy danh sách peer thành công.
2025-05-06 14:25:55,623 - INFO - Lấy danh sách peer thành công.
2025-05-06 14:25:55,686 - INFO - Lấy danh sách peer thành công.
2025-05-06 14:25:55,750 - INFO - Lấy danh sách peer thành công.
2025-05-06 14:25:55,810 - INFO - Lấy danh sách peer thành công.
2025-05-06 14:25:55,872 - INFO - Lấy danh sách peer thành công.
2025-05-06 14:25:55,934 - INFO - Lấy danh sách peer thành công.
2025-05-06 14:25:55,997 - INFO - Lấy danh sách peer thành công.
2025-05-06 14:25:56,058 - INFO - Lấy danh sách peer thành công.
2025-05-06 14:25:56,119 - INFO - Lấy danh sách peer thành công.
2025-05-06 14:25:56,181 - INFO - Lấy danh sách peer thành công.
2025-05-06 14:25:56,243 - INFO - Lấy danh sách peer thành công.
2025-05-06 14:25:56,306 - INFO - Lấy danh sách peer thành công.
2025-05-06 14:25:56,367 - INFO - Lấy danh sách peer thành công.
2025-05-06 14:25:56,430 - INFO - Lấy danh sách peer thành công.
2025-05-06 14:25:56,492 - INFO - Lấy danh sách peer thành công.
2025-05-06 14:25:56,554 - INFO - Lấy danh sách peer thành công.
2025-05-06 14:25:56,617 - INFO - Lấy danh sách peer thành công.
2025-05-06 14:25:56,680 - INFO - Lấy danh sách peer thành công.
2025-05-06 14:25:56,742 - INFO - Lấy danh sách peer thành công.
2025-05-06 14:25:56,804 - INFO - Lấy danh sách peer thành công.
2025-05-06 14:25:56,866 - INFO - Lấy danh sách peer thành công.
2025-05-06 14:25:56,929 - INFO - Lấy danh sách peer thành công.
2025-05-06 14:25:56,991 - INFO - Lấy danh sách peer thành công.
2025-05-06 14:25:57,054 - INFO - Lấy danh sách peer thành công.
2025-05-06 14:25:57,116 - INFO - Lấy danh sách peer thành công.
2025-05-06 14:25:57,179 - INFO - Lấy danh sách peer thành công.
2025-05-06 14:25:57,240 - INFO - Lấy danh sách peer thành công.
2025-05-06 14:25:57,302 - INFO - Lấy danh sách peer thành công.
2025-05-06 14:25:57,363 - INFO - Lấy danh sách peer thành công.
2025-05-06 14:25:57,427 - INFO - Lấy danh sách peer thành công.
2025-05-06 14:25:57,488 - INFO - Lấy danh sách peer thành công.
2025-05-06 14:25:57,551 - INFO - Lấy danh sách peer thành công.
2025-05-06 14:25:57,613 - INFO - Lấy danh sách peer thành công.
2025-05-06 14:25:57,674 - INFO - Lấy danh sách peer thành công.
2025-05-06 14:25:57,736 - INFO - Lấy danh sách peer thành công.
2025-05-06 14:25:57,799 - INFO - Lấy danh sách peer thành công.
2025-05-06 14:25:57,860 - INFO - Lấy danh sách peer thành công.
2025-05-06 14:25:57,924 - INFO - Lấy danh sách peer thành công.
2025-05-06 14:25:57,985 - INFO - Lấy danh sách peer thành công.
2025-05-06 14:25:58,047 - INFO - Lấy danh sách peer thành công.
2025-05-06 14:25:58,108 - INFO - Lấy danh sách peer thành công.
2025-05-06 14:25:58,171 - INFO - Lấy danh sách peer thành công.
2025-05-06 14:25:58,234 - INFO - Lấy danh sách peer thành công.
2025-05-06 14:25:58,297 - INFO - Lấy danh sách peer thành công.
2025-05-06 14:25:58,358 - INFO - Lấy danh sách peer thành công.
2025-05-06 14:25:58,420 - INFO - Lấy danh sách peer thành công.
2025-05-06 14:25:58,482 - INFO - Lấy danh sách peer thành công.
2025-05-06 14:25:58,545 - INFO - Lấy danh sách peer thành công.
2025-05-06 14:25:58,607 - INFO - Lấy danh sách peer thành công.
2025-05-06 14:25:58,668 - INFO - Lấy danh sách peer thành công.
2025-05-06 14:25:58,730 - INFO - Lấy danh sách peer thành công.
2025-05-06 14:25:58,791 - INFO - Lấy danh sách peer thành công.
2025-05-06 14:25:58,856 - INFO - Lấy danh sách peer thành công.
2025-05-06 14:25:58,919 - INFO - Lấy danh sách peer thành công.
2025-05-06 14:25:58,980 - INFO - Lấy danh sách peer thành công.
2025-05-06 14:25:59,041 - INFO - Lấy danh sách peer thành công.
2025-05-06 14:25:59,104 - INFO - Lấy danh sách peer thành công.
2025-05-06 14:25:59,167 - INFO - Lấy danh sách peer thành công.
2025-05-06 14:25:59,228 - INFO - Lấy danh sách peer thành công.
2025-05-06 14:25:59,291 - INFO - Lấy danh sách peer thành công.
2025-05-06 14:25:59,352 - INFO - Lấy danh sách peer thành công.
2025-05-06 14:25:59,415 - INFO - Lấy danh sách peer thành công.
2025-05-06 14:25:59,477 - INFO - Lấy danh sách peer thành công.
2025-05-06 14:25:59,538 - INFO - Lấy danh sách peer thành công.
2025-05-06 14:25:59,600 - INFO - Lấy danh sách peer thành công.
2025-05-06 14:25:59,662 - INFO - Lấy danh sách peer thành công.
2025-05-06 14:25:59,724 - INFO - Lấy danh sách peer thành công.
2025-05-06 14:25:59,787 - INFO - Lấy danh sách peer thành công.
2025-05-06 14:25:59,848 - INFO - Lấy danh sách peer thành công.
2025-05-06 14:25:59,910 - INFO - Lấy danh sách peer thành công.
2025-05-06 14:25:59,971 - INFO - Lấy danh sách peer thành công.
2025-05-06 14:26:00,034 - INFO - Lấy danh sách peer thành công.
2025-05-06 14:26:00,095 - INFO - Lấy danh sách peer thành công.
2025-05-06 14:26:00,156 - INFO - Lấy danh sách peer thành công.
2025-05-06 14:26:00,218 - INFO - Lấy danh sách peer thành công.
2025-05-06 14:26:00,279 - INFO - Lấy danh sách peer thành công.
2025-05-06 14:26:00,339 - INFO - Lấy danh sách peer thành công.
2025-05-06 14:26:00,402 - INFO - Lấy danh sách peer thành công.
2025-05-06 14:26:00,463 - INFO - Lấy danh sách peer thành công.
2025-05-06 14:26:00,524 - INFO - Lấy danh sách peer thành công.
2025-05-06 14:26:00,587 - INFO - Lấy danh sách peer thành công.
2025-05-06 14:26:00,649 - INFO - Lấy danh sách peer thành công.
2025-05-06 14:26:00,711 - INFO - Lấy danh sách peer thành công.
2025-05-06 14:26:00,773 - INFO - Lấy danh sách peer thành công.
2025-05-06 14:26:00,835 - INFO - Lấy danh sách peer thành công.
2025-05-06 14:26:00,897 - INFO - Lấy danh sách peer thành công.
2025-05-06 14:26:00,957 - INFO - Lấy danh sách peer thành công.
2025-05-06 14:26:01,019 - INFO - Lấy danh sách peer thành công.
2025-05-06 14:26:01,083 - INFO - Lấy danh sách peer thành công.
2025-05-06 14:26:01,143 - INFO - Lấy danh sách peer thành công.
2025-05-06 14:26:01,206 - INFO - Lấy danh sách peer thành công.
2025-05-06 14:26:01,269 - INFO - Lấy danh sách peer thành công.
2025-05-06 14:26:01,331 - INFO - Lấy danh sách peer thành công.
2025-05-06 14:26:01,393 - INFO - Lấy danh sách peer thành công.
2025-05-06 14:26:01,456 - INFO - Lấy danh sách peer thành công.
2025-05-06 14:26:01,517 - INFO - Lấy danh sách peer thành công.
2025-05-06 14:26:01,580 - INFO - Lấy danh sách peer thành công.
2025-05-06 14:26:01,643 - INFO - Lấy danh sách peer thành công.
2025-05-06 14:26:01,703 - INFO - Lấy danh sách peer thành công.
2025-05-06 14:26:01,765 - INFO - Lấy danh sách peer thành công.
2025-05-06 14:26:01,827 - INFO - Lấy danh sách peer thành công.
2025-05-06 14:26:01,889 - INFO - Lấy danh sách peer thành công.
2025-05-06 14:26:01,952 - INFO - Lấy danh sách peer thành công.
2025-05-06 14:26:02,012 - INFO - Lấy danh sách peer thành công.
2025-05-06 14:26:02,075 - INFO - Lấy danh sách peer thành công.
2025-05-06 14:26:02,136 - INFO - Lấy danh sách peer thành công.
2025-05-06 14:26:02,198 - INFO - Lấy danh sách peer thành công.
2025-05-06 14:26:02,259 - INFO - Lấy danh sách peer thành công.
2025-05-06 14:26:02,322 - INFO - Lấy danh sách peer thành công.
2025-05-06 14:26:02,384 - INFO - Lấy danh sách peer thành công.
2025-05-06 14:26:02,445 - INFO - Lấy danh sách peer thành công.
2025-05-06 14:26:02,507 - INFO - Lấy danh sách peer thành công.
2025-05-06 14:26:02,569 - INFO - Lấy danh sách peer thành công.
2025-05-06 14:26:02,631 - INFO - Lấy danh sách peer thành công.
2025-05-06 14:26:02,692 - INFO - Lấy danh sách peer thành công.
2025-05-06 14:26:02,755 - INFO - Lấy danh sách peer thành công.
2025-05-06 14:26:02,818 - INFO - Lấy danh sách peer thành công.
2025-05-06 14:26:02,879 - INFO - Lấy danh sách peer thành công.
2025-05-06 14:26:02,942 - INFO - Lấy danh sách peer thành công.
2025-05-06 14:26:03,007 - INFO - Lấy danh sách peer thành công.
2025-05-06 14:26:03,067 - INFO - Lấy danh sách peer thành công.
2025-05-06 14:26:03,129 - INFO - Lấy danh sách peer thành công.
2025-05-06 14:26:03,191 - INFO - Lấy danh sách peer thành công.
2025-05-06 14:26:03,252 - INFO - Lấy danh sách peer thành công.
2025-05-06 14:26:03,317 - INFO - Lấy danh sách peer thành công.
2025-05-06 14:26:03,377 - INFO - Lấy danh sách peer thành công.
2025-05-06 14:26:03,439 - INFO - Lấy danh sách peer thành công.
2025-05-06 14:26:03,502 - INFO - Lấy danh sách peer thành công.
2025-05-06 14:26:03,562 - INFO - Lấy danh sách peer thành công.
2025-05-06 14:26:03,626 - INFO - Lấy danh sách peer thành công.
2025-05-06 14:26:03,686 - INFO - Lấy danh sách peer thành công.
2025-05-06 14:26:03,749 - INFO - Lấy danh sách peer thành công.
2025-05-06 14:26:03,812 - INFO - Lấy danh sách peer thành công.
2025-05-06 14:26:03,873 - INFO - Lấy danh sách peer thành công.
2025-05-06 14:26:03,936 - INFO - Lấy danh sách peer thành công.
2025-05-06 14:26:03,997 - INFO - Lấy danh sách peer thành công.
2025-05-06 14:26:04,059 - INFO - Lấy danh sách peer thành công.
2025-05-06 14:26:04,122 - INFO - Lấy danh sách peer thành công.
2025-05-06 14:26:04,182 - INFO - Lấy danh sách peer thành công.
2025-05-06 14:26:04,243 - INFO - Lấy danh sách peer thành công.
2025-05-06 14:26:04,305 - INFO - Lấy danh sách peer thành công.
2025-05-06 14:26:04,367 - INFO - Lấy danh sách peer thành công.
2025-05-06 14:26:04,429 - INFO - Lấy danh sách peer thành công.
2025-05-06 14:26:04,493 - INFO - Lấy danh sách peer thành công.
2025-05-06 14:26:04,556 - INFO - Lấy danh sách peer thành công.
2025-05-06 14:26:04,620 - INFO - Lấy danh sách peer thành công.
2025-05-06 14:26:04,682 - INFO - Lấy danh sách peer thành công.
2025-05-06 14:26:04,746 - INFO - Lấy danh sách peer thành công.
2025-05-06 14:26:04,809 - INFO - Lấy danh sách peer thành công.
2025-05-06 14:26:04,870 - INFO - Lấy danh sách peer thành công.
2025-05-06 14:26:04,931 - INFO - Lấy danh sách peer thành công.
2025-05-06 14:26:04,992 - INFO - Lấy danh sách peer thành công.
2025-05-06 14:26:05,054 - INFO - Lấy danh sách peer thành công.
2025-05-06 14:26:05,115 - INFO - Lấy danh sách peer thành công.
2025-05-06 14:26:05,177 - INFO - Lấy danh sách peer thành công.
2025-05-06 14:26:05,239 - INFO - Lấy danh sách peer thành công.
2025-05-06 14:26:05,300 - INFO - Lấy danh sách peer thành công.
2025-05-06 14:26:05,363 - INFO - Lấy danh sách peer thành công.
2025-05-06 14:26:05,422 - INFO - Lấy danh sách peer thành công.
2025-05-06 14:26:05,486 - INFO - Lấy danh sách peer thành công.
2025-05-06 14:26:05,547 - INFO - Lấy danh sách peer thành công.
2025-05-06 14:26:05,610 - INFO - Lấy danh sách peer thành công.
2025-05-06 14:26:05,672 - INFO - Lấy danh sách peer thành công.
2025-05-06 14:26:05,734 - INFO - Lấy danh sách peer thành công.
2025-05-06 14:26:05,797 - INFO - Lấy danh sách peer thành công.
2025-05-06 14:26:05,860 - INFO - Lấy danh sách peer thành công.
2025-05-06 14:26:05,921 - INFO - Lấy danh sách peer thành công.
2025-05-06 14:26:05,984 - INFO - Lấy danh sách peer thành công.
2025-05-06 14:26:06,047 - INFO - Lấy danh sách peer thành công.
2025-05-06 14:26:06,109 - INFO - Lấy danh sách peer thành công.
2025-05-06 14:26:06,172 - INFO - Lấy danh sách peer thành công.
2025-05-06 14:26:06,234 - INFO - Lấy danh sách peer thành công.
2025-05-06 14:26:06,297 - INFO - Lấy danh sách peer thành công.
2025-05-06 14:26:06,359 - INFO - Lấy danh sách peer thành công.
2025-05-06 14:26:06,420 - INFO - Lấy danh sách peer thành công.
2025-05-06 14:26:06,483 - INFO - Lấy danh sách peer thành công.
2025-05-06 14:26:06,543 - INFO - Lấy danh sách peer thành công.
2025-05-06 14:26:06,603 - INFO - Lấy danh sách peer thành công.
2025-05-06 14:26:06,667 - INFO - Lấy danh sách peer thành công.
2025-05-06 14:26:06,730 - INFO - Lấy danh sách peer thành công.
2025-05-06 14:26:06,790 - INFO - Lấy danh sách peer thành công.
2025-05-06 14:26:06,851 - INFO - Lấy danh sách peer thành công.
2025-05-06 14:26:06,912 - INFO - Lấy danh sách peer thành công.
2025-05-06 14:26:06,974 - INFO - Lấy danh sách peer thành công.
2025-05-06 14:26:07,035 - INFO - Lấy danh sách peer thành công.
2025-05-06 14:26:07,098 - INFO - Lấy danh sách peer thành công.
2025-05-06 14:26:07,159 - INFO - Lấy danh sách peer thành công.
2025-05-06 14:26:07,220 - INFO - Lấy danh sách peer thành công.
2025-05-06 14:26:07,282 - INFO - Lấy danh sách peer thành công.
2025-05-06 14:26:07,344 - INFO - Lấy danh sách peer thành công.
2025-05-06 14:26:07,408 - INFO - Lấy danh sách peer thành công.
2025-05-06 14:26:07,470 - INFO - Lấy danh sách peer thành công.
2025-05-06 14:26:07,533 - INFO - Lấy danh sách peer thành công.
2025-05-06 14:26:07,594 - INFO - Lấy danh sách peer thành công.
2025-05-06 14:26:07,656 - INFO - Lấy danh sách peer thành công.
2025-05-06 14:26:07,718 - INFO - Lấy danh sách peer thành công.
2025-05-06 14:26:07,779 - INFO - Lấy danh sách peer thành công.
2025-05-06 14:26:07,840 - INFO - Lấy danh sách peer thành công.
2025-05-06 14:26:07,900 - INFO - Lấy danh sách peer thành công.
2025-05-06 14:26:07,962 - INFO - Lấy danh sách peer thành công.
2025-05-06 14:26:08,023 - INFO - Lấy danh sách peer thành công.
2025-05-06 14:26:08,087 - INFO - Lấy danh sách peer thành công.
2025-05-06 14:26:08,148 - INFO - Lấy danh sách peer thành công.
2025-05-06 14:26:08,211 - INFO - Lấy danh sách peer thành công.
2025-05-06 14:26:08,272 - INFO - Lấy danh sách peer thành công.
2025-05-06 14:26:08,337 - INFO - Lấy danh sách peer thành công.
2025-05-06 14:26:08,399 - INFO - Lấy danh sách peer thành công.
2025-05-06 14:26:08,461 - INFO - Lấy danh sách peer thành công.
2025-05-06 14:26:08,522 - INFO - Lấy danh sách peer thành công.
2025-05-06 14:26:08,586 - INFO - Lấy danh sách peer thành công.
2025-05-06 14:26:08,647 - INFO - Lấy danh sách peer thành công.
2025-05-06 14:26:08,711 - INFO - Lấy danh sách peer thành công.
2025-05-06 14:26:08,773 - INFO - Lấy danh sách peer thành công.
2025-05-06 14:26:08,833 - INFO - Lấy danh sách peer thành công.
2025-05-06 14:26:08,896 - INFO - Lấy danh sách peer thành công.
2025-05-06 14:26:08,959 - INFO - Lấy danh sách peer thành công.
2025-05-06 14:26:09,023 - INFO - Lấy danh sách peer thành công.
2025-05-06 14:26:09,083 - INFO - Lấy danh sách peer thành công.
2025-05-06 14:26:09,146 - INFO - Lấy danh sách peer thành công.
2025-05-06 14:26:09,207 - INFO - Lấy danh sách peer thành công.
2025-05-06 14:26:09,269 - INFO - Lấy danh sách peer thành công.
2025-05-06 14:26:09,331 - INFO - Lấy danh sách peer thành công.
2025-05-06 14:26:09,394 - INFO - Lấy danh sách peer thành công.
2025-05-06 14:26:09,455 - INFO - Lấy danh sách peer thành công.
2025-05-06 14:26:09,516 - INFO - Lấy danh sách peer thành công.
2025-05-06 14:26:09,580 - INFO - Lấy danh sách peer thành công.
2025-05-06 14:26:09,642 - INFO - Lấy danh sách peer thành công.
2025-05-06 14:26:09,706 - INFO - Lấy danh sách peer thành công.
2025-05-06 14:26:09,769 - INFO - Lấy danh sách peer thành công.
2025-05-06 14:26:09,832 - INFO - Lấy danh sách peer thành công.
2025-05-06 14:26:09,892 - INFO - Lấy danh sách peer thành công.
2025-05-06 14:26:09,955 - INFO - Lấy danh sách peer thành công.
2025-05-06 14:26:10,018 - INFO - Lấy danh sách peer thành công.
2025-05-06 14:26:10,080 - INFO - Lấy danh sách peer thành công.
2025-05-06 14:26:10,143 - INFO - Lấy danh sách peer thành công.
2025-05-06 14:26:10,207 - INFO - Lấy danh sách peer thành công.
2025-05-06 14:26:10,269 - INFO - Lấy danh sách peer thành công.
2025-05-06 14:26:10,331 - INFO - Lấy danh sách peer thành công.
2025-05-06 14:26:10,392 - INFO - Lấy danh sách peer thành công.
2025-05-06 14:26:10,456 - INFO - Lấy danh sách peer thành công.
2025-05-06 14:26:10,518 - INFO - Lấy danh sách peer thành công.
2025-05-06 14:26:10,580 - INFO - Lấy danh sách peer thành công.
2025-05-06 14:26:10,642 - INFO - Lấy danh sách peer thành công.
2025-05-06 14:26:10,705 - INFO - Lấy danh sách peer thành công.
2025-05-06 14:26:10,767 - INFO - Lấy danh sách peer thành công.
2025-05-06 14:26:10,830 - INFO - Lấy danh sách peer thành công.
2025-05-06 14:26:10,892 - INFO - Lấy danh sách peer thành công.
2025-05-06 14:26:10,952 - INFO - Lấy danh sách peer thành công.
2025-05-06 14:26:11,015 - INFO - Lấy danh sách peer thành công.
2025-05-06 14:26:11,078 - INFO - Lấy danh sách peer thành công.
2025-05-06 14:26:11,140 - INFO - Lấy danh sách peer thành công.
2025-05-06 14:26:11,202 - INFO - Lấy danh sách peer thành công.
2025-05-06 14:26:11,263 - INFO - Lấy danh sách peer thành công.
2025-05-06 14:26:11,325 - INFO - Lấy danh sách peer thành công.
2025-05-06 14:26:11,387 - INFO - Lấy danh sách peer thành công.
2025-05-06 14:26:11,449 - INFO - Lấy danh sách peer thành công.
2025-05-06 14:26:11,513 - INFO - Lấy danh sách peer thành công.
2025-05-06 14:26:11,574 - INFO - Lấy danh sách peer thành công.
2025-05-06 14:26:11,633 - INFO - Lấy danh sách peer thành công.
2025-05-06 14:26:11,696 - INFO - Lấy danh sách peer thành công.
2025-05-06 14:26:11,758 - INFO - Lấy danh sách peer thành công.
2025-05-06 14:26:11,820 - INFO - Lấy danh sách peer thành công.
2025-05-06 14:26:11,882 - INFO - Lấy danh sách peer thành công.
2025-05-06 14:26:11,947 - INFO - Lấy danh sách peer thành công.
2025-05-06 14:26:12,006 - INFO - Lấy danh sách peer thành công.
2025-05-06 14:26:12,068 - INFO - Lấy danh sách peer thành công.
2025-05-06 14:26:12,131 - INFO - Lấy danh sách peer thành công.
2025-05-06 14:26:12,192 - INFO - Lấy danh sách peer thành công.
2025-05-06 14:26:12,254 - INFO - Lấy danh sách peer thành công.
2025-05-06 14:26:12,317 - INFO - Lấy danh sách peer thành công.
2025-05-06 14:26:12,379 - INFO - Lấy danh sách peer thành công.
2025-05-06 14:26:12,440 - INFO - Lấy danh sách peer thành công.
2025-05-06 14:26:12,503 - INFO - Lấy danh sách peer thành công.
2025-05-06 14:26:12,567 - INFO - Lấy danh sách peer thành công.
2025-05-06 14:26:12,628 - INFO - Lấy danh sách peer thành công.
2025-05-06 14:26:12,692 - INFO - Lấy danh sách peer thành công.
2025-05-06 14:26:12,756 - INFO - Lấy danh sách peer thành công.
2025-05-06 14:26:12,819 - INFO - Lấy danh sách peer thành công.
2025-05-06 14:26:12,881 - INFO - Lấy danh sách peer thành công.
2025-05-06 14:26:12,944 - INFO - Lấy danh sách peer thành công.
2025-05-06 14:26:13,006 - INFO - Lấy danh sách peer thành công.
2025-05-06 14:26:13,068 - INFO - Lấy danh sách peer thành công.
2025-05-06 14:26:13,131 - INFO - Lấy danh sách peer thành công.
2025-05-06 14:26:13,193 - INFO - Lấy danh sách peer thành công.
2025-05-06 14:26:13,257 - INFO - Lấy danh sách peer thành công.
2025-05-06 14:26:13,319 - INFO - Lấy danh sách peer thành công.
2025-05-06 14:26:13,380 - INFO - Lấy danh sách peer thành công.
2025-05-06 14:26:13,441 - INFO - Lấy danh sách peer thành công.
2025-05-06 14:26:13,504 - INFO - Lấy danh sách peer thành công.
2025-05-06 14:26:13,565 - INFO - Lấy danh sách peer thành công.
2025-05-06 14:26:13,627 - INFO - Lấy danh sách peer thành công.
2025-05-06 14:26:13,689 - INFO - Lấy danh sách peer thành công.
2025-05-06 14:26:13,752 - INFO - Lấy danh sách peer thành công.
2025-05-06 14:26:13,813 - INFO - Lấy danh sách peer thành công.
2025-05-06 14:26:13,875 - INFO - Lấy danh sách peer thành công.
2025-05-06 14:26:13,937 - INFO - Lấy danh sách peer thành công.
2025-05-06 14:26:14,000 - INFO - Lấy danh sách peer thành công.
2025-05-06 14:26:14,061 - INFO - Lấy danh sách peer thành công.
2025-05-06 14:26:14,122 - INFO - Lấy danh sách peer thành công.
2025-05-06 14:26:14,186 - INFO - Lấy danh sách peer thành công.
2025-05-06 14:26:14,247 - INFO - Lấy danh sách peer thành công.
2025-05-06 14:26:14,310 - INFO - Lấy danh sách peer thành công.
2025-05-06 14:26:14,371 - INFO - Lấy danh sách peer thành công.
2025-05-06 14:26:14,433 - INFO - Lấy danh sách peer thành công.
2025-05-06 14:26:14,495 - INFO - Lấy danh sách peer thành công.
2025-05-06 14:26:14,556 - INFO - Lấy danh sách peer thành công.
2025-05-06 14:26:14,620 - INFO - Lấy danh sách peer thành công.
2025-05-06 14:26:14,681 - INFO - Lấy danh sách peer thành công.
2025-05-06 14:26:14,744 - INFO - Lấy danh sách peer thành công.
2025-05-06 14:26:14,805 - INFO - Lấy danh sách peer thành công.
2025-05-06 14:26:14,867 - INFO - Lấy danh sách peer thành công.
2025-05-06 14:26:14,929 - INFO - Lấy danh sách peer thành công.
2025-05-06 14:26:14,990 - INFO - Lấy danh sách peer thành công.
2025-05-06 14:26:15,053 - INFO - Lấy danh sách peer thành công.
2025-05-06 14:26:15,115 - INFO - Lấy danh sách peer thành công.
2025-05-06 14:26:15,176 - INFO - Lấy danh sách peer thành công.
2025-05-06 14:26:15,239 - INFO - Lấy danh sách peer thành công.
2025-05-06 14:26:15,301 - INFO - Lấy danh sách peer thành công.
2025-05-06 14:26:15,363 - INFO - Lấy danh sách peer thành công.
2025-05-06 14:26:15,424 - INFO - Lấy danh sách peer thành công.
2025-05-06 14:26:15,485 - INFO - Lấy danh sách peer thành công.
2025-05-06 14:26:15,546 - INFO - Lấy danh sách peer thành công.
2025-05-06 14:26:15,609 - INFO - Lấy danh sách peer thành công.
2025-05-06 14:26:15,671 - INFO - Lấy danh sách peer thành công.
2025-05-06 14:26:15,732 - INFO - Lấy danh sách peer thành công.
2025-05-06 14:26:15,796 - INFO - Lấy danh sách peer thành công.
2025-05-06 14:26:15,856 - INFO - Lấy danh sách peer thành công.
2025-05-06 14:26:15,918 - INFO - Lấy danh sách peer thành công.
2025-05-06 14:26:15,979 - INFO - Lấy danh sách peer thành công.
2025-05-06 14:26:16,042 - INFO - Lấy danh sách peer thành công.
2025-05-06 14:26:16,103 - INFO - Lấy danh sách peer thành công.
2025-05-06 14:26:16,166 - INFO - Lấy danh sách peer thành công.
2025-05-06 14:26:16,228 - INFO - Lấy danh sách peer thành công.
2025-05-06 14:26:16,289 - INFO - Lấy danh sách peer thành công.
2025-05-06 14:26:16,349 - INFO - Lấy danh sách peer thành công.
2025-05-06 14:26:16,413 - INFO - Lấy danh sách peer thành công.
2025-05-06 14:26:16,475 - INFO - Lấy danh sách peer thành công.
2025-05-06 14:26:16,537 - INFO - Lấy danh sách peer thành công.
2025-05-06 14:26:16,598 - INFO - Lấy danh sách peer thành công.
2025-05-06 14:26:16,661 - INFO - Lấy danh sách peer thành công.
2025-05-06 14:26:16,722 - INFO - Lấy danh sách peer thành công.
2025-05-06 14:26:16,786 - INFO - Lấy danh sách peer thành công.
2025-05-06 14:26:16,846 - INFO - Lấy danh sách peer thành công.
2025-05-06 14:26:16,908 - INFO - Lấy danh sách peer thành công.
2025-05-06 14:26:16,986 - INFO - Lấy danh sách peer thành công.
2025-05-06 14:26:17,048 - INFO - Lấy danh sách peer thành công.
2025-05-06 14:26:17,110 - INFO - Lấy danh sách peer thành công.
2025-05-06 14:26:17,172 - INFO - Lấy danh sách peer thành công.
2025-05-06 14:26:17,233 - INFO - Lấy danh sách peer thành công.
2025-05-06 14:26:17,295 - INFO - Lấy danh sách peer thành công.
2025-05-06 14:26:17,358 - INFO - Lấy danh sách peer thành công.
2025-05-06 14:26:17,418 - INFO - Lấy danh sách peer thành công.
2025-05-06 14:26:17,480 - INFO - Lấy danh sách peer thành công.
2025-05-06 14:26:17,542 - INFO - Lấy danh sách peer thành công.
2025-05-06 14:26:17,603 - INFO - Lấy danh sách peer thành công.
2025-05-06 14:26:17,667 - INFO - Lấy danh sách peer thành công.
2025-05-06 14:26:17,728 - INFO - Lấy danh sách peer thành công.
2025-05-06 14:26:17,791 - INFO - Lấy danh sách peer thành công.
2025-05-06 14:26:17,853 - INFO - Lấy danh sách peer thành công.
2025-05-06 14:26:17,917 - INFO - Lấy danh sách peer thành công.
2025-05-06 14:26:17,978 - INFO - Lấy danh sách peer thành công.
2025-05-06 14:26:18,040 - INFO - Lấy danh sách peer thành công.
2025-05-06 14:26:18,101 - INFO - Lấy danh sách peer thành công.
2025-05-06 14:26:18,163 - INFO - Lấy danh sách peer thành công.
2025-05-06 14:26:18,225 - INFO - Lấy danh sách peer thành công.
2025-05-06 14:26:18,286 - INFO - Lấy danh sách peer thành công.
2025-05-06 14:26:18,348 - INFO - Lấy danh sách peer thành công.
2025-05-06 14:26:18,412 - INFO - Lấy danh sách peer thành công.
2025-05-06 14:26:18,474 - INFO - Lấy danh sách peer thành công.
2025-05-06 14:26:18,537 - INFO - Lấy danh sách peer thành công.
2025-05-06 14:26:18,601 - INFO - Lấy danh sách peer thành công.
2025-05-06 14:26:18,663 - INFO - Lấy danh sách peer thành công.
2025-05-06 14:26:18,726 - INFO - Lấy danh sách peer thành công.
2025-05-06 14:26:18,786 - INFO - Lấy danh sách peer thành công.
2025-05-06 14:26:18,848 - INFO - Lấy danh sách peer thành công.
2025-05-06 14:26:18,909 - INFO - Lấy danh sách peer thành công.
2025-05-06 14:26:18,971 - INFO - Lấy danh sách peer thành công.
2025-05-06 14:26:19,033 - INFO - Lấy danh sách peer thành công.
2025-05-06 14:26:19,096 - INFO - Lấy danh sách peer thành công.
2025-05-06 14:26:19,160 - INFO - Lấy danh sách peer thành công.
2025-05-06 14:26:19,223 - INFO - Lấy danh sách peer thành công.
2025-05-06 14:26:19,288 - INFO - Lấy danh sách peer thành công.
2025-05-06 14:26:19,349 - INFO - Lấy danh sách peer thành công.
2025-05-06 14:26:19,411 - INFO - Lấy danh sách peer thành công.
2025-05-06 14:26:19,472 - INFO - Lấy danh sách peer thành công.
2025-05-06 14:26:19,535 - INFO - Lấy danh sách peer thành công.
2025-05-06 14:26:19,598 - INFO - Lấy danh sách peer thành công.
2025-05-06 14:26:19,660 - INFO - Lấy danh sách peer thành công.
2025-05-06 14:26:19,724 - INFO - Lấy danh sách peer thành công.
2025-05-06 14:26:19,786 - INFO - Lấy danh sách peer thành công.
2025-05-06 14:26:19,847 - INFO - Lấy danh sách peer thành công.
2025-05-06 14:26:19,908 - INFO - Lấy danh sách peer thành công.
2025-05-06 14:26:19,970 - INFO - Lấy danh sách peer thành công.
2025-05-06 14:26:20,032 - INFO - Lấy danh sách peer thành công.
2025-05-06 14:26:20,094 - INFO - Lấy danh sách peer thành công.
2025-05-06 14:26:20,158 - INFO - Lấy danh sách peer thành công.
2025-05-06 14:26:20,219 - INFO - Lấy danh sách peer thành công.
2025-05-06 14:26:20,281 - INFO - Lấy danh sách peer thành công.
2025-05-06 14:26:20,343 - INFO - Lấy danh sách peer thành công.
2025-05-06 14:26:20,406 - INFO - Lấy danh sách peer thành công.
2025-05-06 14:26:20,469 - INFO - Lấy danh sách peer thành công.
2025-05-06 14:26:20,531 - INFO - Lấy danh sách peer thành công.
2025-05-06 14:26:20,593 - INFO - Lấy danh sách peer thành công.
2025-05-06 14:26:20,656 - INFO - Lấy danh sách peer thành công.
2025-05-06 14:26:20,720 - INFO - Lấy danh sách peer thành công.
2025-05-06 14:26:20,782 - INFO - Lấy danh sách peer thành công.
2025-05-06 14:26:20,843 - INFO - Lấy danh sách peer thành công.
2025-05-06 14:26:20,905 - INFO - Lấy danh sách peer thành công.
2025-05-06 14:26:20,969 - INFO - Lấy danh sách peer thành công.
2025-05-06 14:26:21,030 - INFO - Lấy danh sách peer thành công.
2025-05-06 14:26:21,092 - INFO - Lấy danh sách peer thành công.
2025-05-06 14:26:21,154 - INFO - Lấy danh sách peer thành công.
2025-05-06 14:26:21,218 - INFO - Lấy danh sách peer thành công.
2025-05-06 14:26:21,280 - INFO - Lấy danh sách peer thành công.
2025-05-06 14:26:21,343 - INFO - Lấy danh sách peer thành công.
2025-05-06 14:26:21,406 - INFO - Lấy danh sách peer thành công.
2025-05-06 14:26:21,466 - INFO - Lấy danh sách peer thành công.
2025-05-06 14:26:21,527 - INFO - Lấy danh sách peer thành công.
2025-05-06 14:26:21,590 - INFO - Lấy danh sách peer thành công.
2025-05-06 14:26:21,652 - INFO - Lấy danh sách peer thành công.
2025-05-06 14:26:21,714 - INFO - Lấy danh sách peer thành công.
2025-05-06 14:26:21,777 - INFO - Lấy danh sách peer thành công.
2025-05-06 14:26:21,839 - INFO - Lấy danh sách peer thành công.
2025-05-06 14:26:21,902 - INFO - Lấy danh sách peer thành công.
2025-05-06 14:26:21,964 - INFO - Lấy danh sách peer thành công.
2025-05-06 14:26:22,027 - INFO - Lấy danh sách peer thành công.
2025-05-06 14:26:22,089 - INFO - Lấy danh sách peer thành công.
2025-05-06 14:26:22,150 - INFO - Lấy danh sách peer thành công.
2025-05-06 14:26:22,211 - INFO - Lấy danh sách peer thành công.
2025-05-06 14:26:22,273 - INFO - Lấy danh sách peer thành công.
2025-05-06 14:26:22,334 - INFO - Lấy danh sách peer thành công.
2025-05-06 14:26:22,398 - INFO - Lấy danh sách peer thành công.
2025-05-06 14:26:22,458 - INFO - Lấy danh sách peer thành công.
2025-05-06 14:26:22,520 - INFO - Lấy danh sách peer thành công.
2025-05-06 14:26:22,582 - INFO - Lấy danh sách peer thành công.
2025-05-06 14:26:22,645 - INFO - Lấy danh sách peer thành công.
2025-05-06 14:26:22,707 - INFO - Lấy danh sách peer thành công.
2025-05-06 14:26:22,768 - INFO - Lấy danh sách peer thành công.
2025-05-06 14:26:22,829 - INFO - Lấy danh sách peer thành công.
2025-05-06 14:26:22,891 - INFO - Lấy danh sách peer thành công.
2025-05-06 14:26:22,953 - INFO - Lấy danh sách peer thành công.
2025-05-06 14:26:23,014 - INFO - Lấy danh sách peer thành công.
2025-05-06 14:26:23,076 - INFO - Lấy danh sách peer thành công.
2025-05-06 14:26:23,138 - INFO - Lấy danh sách peer thành công.
2025-05-06 14:26:23,199 - INFO - Lấy danh sách peer thành công.
2025-05-06 14:26:23,261 - INFO - Lấy danh sách peer thành công.
2025-05-06 14:26:23,323 - INFO - Lấy danh sách peer thành công.
2025-05-06 14:26:23,783 - INFO - Preparing to send message in channel c: --- STREAM_ENDED ---
2025-05-06 14:26:23,783 - INFO - Lấy danh sách peer thành công.
2025-05-06 14:26:23,784 - INFO - Found 3 peers to send message
2025-05-06 14:26:23,786 - INFO - Network formatted message: CHANNEL:c TIMESTAMP:1746516383.7848418 SENDER_IP:192.168.7.10 SENDER_PORT:20000 SENDER_USERNAME:alice MESSAGE_ID:ca15b62b-2fec-4f3c-814c-6c8557dd5c0e MESSAGE:--- STREAM_ENDED ---
2025-05-06 14:26:23,786 - INFO - Skipping send to self alice (192.168.7.10:20000)
2025-05-06 14:26:23,786 - INFO - Sent message to bob (192.168.7.10:20001)
2025-05-06 14:26:23,802 - INFO - Sent message to nguyen (192.168.7.10:20002)
2025-05-06 14:26:23,802 - INFO - Sent message to 2 peers: --- STREAM_ENDED ---
2025-05-06 14:26:23,803 - INFO - Lấy danh sách peer thành công.
2025-05-06 14:26:43,509 - INFO - Đã chuyển sang kênh 'a'
2025-05-06 14:26:43,993 - INFO - Đã chuyển sang kênh 'b'
2025-05-06 14:26:44,992 - INFO - Đã chuyển sang kênh 'a'
2025-05-06 14:26:51,089 - INFO - PeerClient stopped.
2025-05-06 14:27:04,768 - INFO - PeerClient started.
2025-05-06 14:27:04,772 - INFO - [Tracker] Kết nối tới tracker 127.0.0.1:22110 thành công.
2025-05-06 14:27:04,773 - INFO - Nhận từ tracker: LOGIN_SUCCESS e4e02a00-b7d5-437e-b432-ae165d826ab5
2025-05-06 14:27:04,773 - INFO - Login with session_id: e4e02a00-b7d5-437e-b432-ae165d826ab5
2025-05-06 14:27:04,774 - INFO - PeerClient started successfully.
2025-05-06 14:27:04,774 - INFO - P2P Server đang lắng nghe trên cổng 20000
2025-05-06 14:27:04,776 - INFO - Đã chuyển sang kênh 'c'
2025-05-06 14:27:04,777 - INFO - Lấy danh sách peer thành công.
2025-05-06 14:27:10,773 - INFO - Đã chuyển sang kênh 'a'
2025-05-06 14:27:11,316 - INFO - Đã chuyển sang kênh 'b'
2025-05-06 14:27:12,365 - INFO - Đã chuyển sang kênh 'c'
2025-05-06 14:27:12,979 - INFO - Đã chuyển sang kênh 'b'
2025-05-06 14:27:13,597 - INFO - Đã chuyển sang kênh 'a'
2025-05-06 14:28:58,907 - INFO - Nhận dữ liệu thô từ ('192.168.7.10', 60221): CONTROL:a:REQUEST_STREAM:nguyen
2025-05-06 14:29:25,573 - INFO - Nhận dữ liệu thô từ ('192.168.7.10', 60225): CONTROL:a:REQUEST_STREAM:bob
2025-05-06 14:30:16,682 - INFO - Nhận dữ liệu thô từ ('192.168.7.10', 60227): CHANNEL:a TIMESTAMP:1746516579.155846 SENDER_IP:192.168.7.10 SENDER_PORT:20002 SENDER_USERNAME:nguyen MESSAGE_ID:57c83149-01c4-4dca-a5d2-f2fbae7b9044 MESSAGE:hello
2025-05-06 14:30:16,682 - INFO - Đã phân tích tin nhắn: kênh=a, timestamp=1746516579.155846, sender=192.168.7.10:20002, username=nguyen, id=57c83149-01c4-4dca-a5d2-f2fbae7b9044, message=hello
2025-05-06 14:30:16,682 - INFO - Nhận tin nhắn từ 192.168.7.10:20002 trên kênh 'a': hello
2025-05-06 14:30:16,805 - INFO - Nhận dữ liệu thô từ ('192.168.7.10', 60229): CHANNEL:a TIMESTAMP:1746516580.026774 SENDER_IP:192.168.7.10 SENDER_PORT:20002 SENDER_USERNAME:nguyen MESSAGE_ID:d1a90a43-410d-4c38-a74d-904ed394a8be MESSAGE:hi
2025-05-06 14:30:16,805 - INFO - Đã phân tích tin nhắn: kênh=a, timestamp=1746516580.026774, sender=192.168.7.10:20002, username=nguyen, id=d1a90a43-410d-4c38-a74d-904ed394a8be, message=hi
2025-05-06 14:30:16,805 - INFO - Nhận tin nhắn từ 192.168.7.10:20002 trên kênh 'a': hi
2025-05-06 14:30:16,931 - INFO - Nhận dữ liệu thô từ ('192.168.7.10', 60232): CHANNEL:a TIMESTAMP:1746516582.8614902 SENDER_IP:192.168.7.10 SENDER_PORT:20002 SENDER_USERNAME:nguyen MESSAGE_ID:19893dd2-bdc2-4e70-a40f-c9ef58d008c3 MESSAGE:hello
2025-05-06 14:30:16,931 - INFO - Đã phân tích tin nhắn: kênh=a, timestamp=1746516582.8614902, sender=192.168.7.10:20002, username=nguyen, id=19893dd2-bdc2-4e70-a40f-c9ef58d008c3, message=hello
2025-05-06 14:30:16,931 - INFO - Nhận tin nhắn từ 192.168.7.10:20002 trên kênh 'a': hello
2025-05-06 15:02:23,550 - INFO - Status changed to invisible
2025-05-06 15:02:31,295 - INFO - PeerClient stopped.
