2025-04-08 13:46:40,397 - INFO - PeerClient started.
2025-04-08 13:46:40,397 - INFO - Kết nối tới tracker 127.0.0.1:12345 thành công.
2025-04-08 13:46:40,409 - INFO - Nhận từ tracker: LOGIN_SUCCESS a727f92d-96dd-47fd-91b6-ec787194e366
2025-04-08 13:46:40,409 - INFO - Đăng nhập thành công với session_id: a727f92d-96dd-47fd-91b6-ec787194e366
2025-04-08 13:46:40,409 - INFO - PeerClient started successfully.
2025-04-08 13:46:40,409 - INFO - P2P Server đang lắng nghe trên cổng 5000
2025-04-08 13:46:40,409 - INFO - Lấy danh sách peer thành công.
2025-04-08 13:46:42,411 - INFO - Lấy danh sách peer thành công.
2025-04-08 13:46:44,043 - INFO - Nhận từ tracker: JOINED a
2025-04-08 13:46:44,043 - INFO - Đã chuyển sang kênh 'a'
2025-04-08 13:46:44,043 - INFO - Đã tham gia kênh 'a'
2025-04-08 13:46:55,266 - INFO - Đã chuyển sang kênh 'a'
2025-04-08 13:46:58,931 - INFO - Lấy danh sách peer thành công.
2025-04-08 13:46:58,931 - INFO - Đã gửi tin nhắn đến nguyen (10.0.138.11:20000)
2025-04-08 13:46:58,931 - INFO - Đã gửi tin nhắn đến 1 peer: hi
2025-04-08 13:47:16,344 - INFO - Lấy danh sách peer thành công.
2025-04-08 13:47:16,344 - INFO - Đã gửi tin nhắn đến nguyen (10.0.138.11:20000)
2025-04-08 13:47:16,357 - INFO - Đã gửi tin nhắn đến 1 peer: chào cậu
2025-04-08 13:47:25,314 - INFO - Lấy danh sách peer thành công.
2025-04-08 13:47:25,314 - INFO - Đã gửi tin nhắn đến nguyen (10.0.138.11:20000)
2025-04-08 13:47:25,314 - INFO - Đã gửi tin nhắn đến 1 peer: tờ đứng đây từ chiều
2025-04-08 13:49:05,817 - INFO - Nhận tin nhắn từ 10.0.138.11:5001 trên kênh 'a': hello
2025-04-08 13:54:01,489 - INFO - Lấy danh sách peer thành công.
2025-04-08 13:54:03,203 - INFO - Lấy danh sách peer thành công.
2025-04-08 13:54:10,807 - INFO - PeerClient stopped.
2025-04-08 14:36:58,550 - INFO - PeerClient started.
2025-04-08 14:36:58,550 - INFO - Kết nối tới tracker 127.0.0.1:12345 thành công.
2025-04-08 14:36:58,550 - INFO - Nhận từ tracker: LOGIN_SUCCESS 36a4a4c0-684a-4532-8780-708490fcd768
2025-04-08 14:36:58,550 - INFO - Đăng nhập thành công với session_id: 36a4a4c0-684a-4532-8780-708490fcd768
2025-04-08 14:36:58,550 - INFO - PeerClient started successfully.
2025-04-08 14:36:58,550 - INFO - P2P Server đang lắng nghe trên cổng 5000
2025-04-08 14:36:58,550 - INFO - Lấy danh sách peer thành công.
2025-04-08 14:37:01,689 - INFO - Nhận từ tracker: JOINED a
2025-04-08 14:37:01,689 - INFO - Đã chuyển sang kênh 'a'
2025-04-08 14:37:01,689 - INFO - Đã tham gia kênh 'a'
2025-04-08 14:37:04,383 - INFO - Đã chuyển sang kênh 'a'
2025-04-08 14:37:17,853 - INFO - Lấy danh sách peer thành công.
2025-04-08 14:37:17,853 - INFO - Đã gửi tin nhắn đến nguyen (10.0.138.11:20000)
2025-04-08 14:37:17,853 - INFO - Đã gửi tin nhắn đến 1 peer: hii
2025-04-08 15:58:21,704 - INFO - PeerClient started.
2025-04-08 15:58:21,704 - INFO - Kết nối tới tracker 127.0.0.1:12345 thành công.
2025-04-08 15:58:21,706 - INFO - Nhận từ tracker: LOGIN_SUCCESS cfab2066-64fb-4624-9391-863362b62fa7
2025-04-08 15:58:21,706 - INFO - Đăng nhập thành công với session_id: cfab2066-64fb-4624-9391-863362b62fa7
2025-04-08 15:58:21,706 - INFO - PeerClient started successfully.
2025-04-08 15:58:21,706 - INFO - P2P Server đang lắng nghe trên cổng 5000
2025-04-08 15:58:21,708 - INFO - Lấy danh sách peer thành công.
2025-04-08 15:58:23,021 - INFO - Lấy danh sách peer thành công.
2025-04-08 15:58:26,202 - INFO - Nhận từ tracker: JOINED a
2025-04-08 15:58:26,202 - INFO - Đã chuyển sang kênh 'a'
2025-04-08 15:58:26,202 - INFO - Đã tham gia kênh 'a'
2025-04-08 15:58:37,136 - INFO - Chuẩn bị gửi tin nhắn trong kênh a: hi
2025-04-08 15:58:37,136 - INFO - Lấy danh sách peer thành công.
2025-04-08 15:58:37,136 - INFO - Tìm thấy 2 peers để gửi tin nhắn
2025-04-08 15:58:37,136 - INFO - Tin nhắn định dạng mạng: CHANNEL:a TIMESTAMP:1744102717.1366522 SENDER_IP:10.0.138.11 SENDER_PORT:5000 SENDER_USERNAME:alice MESSAGE_ID:5e936d30-3b62-41c4-85b5-db1293d0584f MESSAGE:hi
2025-04-08 15:58:37,136 - INFO - Đã gửi tin nhắn đến nguyen (10.0.138.11:20000)
2025-04-08 15:58:37,136 - INFO - Bỏ qua gửi cho chính mình alice (10.0.138.11:5000)
2025-04-08 15:58:37,143 - INFO - Đã gửi tin nhắn đến 1 peer: hi
