2025-04-19 16:45:09,915 - INFO - PeerClient started.
2025-04-19 16:45:09,925 - INFO - Kết nối tới tracker 127.0.0.1:12345 thành công.
2025-04-19 16:45:09,925 - INFO - Nhận từ tracker: LOGIN_SUCCESS 3fba5a79-e358-4ab2-90f9-f2c8bb081a38
2025-04-19 16:45:09,925 - INFO - Đăng nhập thành công với session_id: 3fba5a79-e358-4ab2-90f9-f2c8bb081a38
2025-04-19 16:45:09,925 - INFO - PeerClient started successfully.
2025-04-19 16:45:09,925 - INFO - P2P Server đang lắng nghe trên cổng 20001
2025-04-19 16:45:09,925 - INFO - Lấy danh sách peer thành công.
2025-04-19 16:45:34,226 - INFO - Nhận từ tracker: JOINED a
2025-04-19 16:45:34,235 - INFO - Đã chuyển sang kênh 'a'
2025-04-19 16:45:34,235 - INFO - Đã tham gia kênh 'a'
2025-04-19 16:45:41,445 - INFO - Nhận dữ liệu thô từ ('172.17.91.26', 53269): CHANNEL:a TIMESTAMP:1745055941.4452658 SENDER_IP:172.17.91.26 SENDER_PORT:20000 SENDER_USERNAME:alice MESSAGE_ID:0dd7d04e-e736-4f4e-9688-17d88e5015cd MESSAGE:hello
2025-04-19 16:45:41,445 - INFO - Đã phân tích tin nhắn: kênh=a, timestamp=1745055941.4452658, sender=172.17.91.26:20000, username=alice, id=0dd7d04e-e736-4f4e-9688-17d88e5015cd, message=hello
2025-04-19 16:45:41,453 - INFO - Nhận tin nhắn từ 172.17.91.26:20000 trên kênh 'a': hello
2025-04-19 16:45:46,425 - INFO - Chuẩn bị gửi tin nhắn trong kênh a: hi
2025-04-19 16:45:46,425 - INFO - Lấy danh sách peer thành công.
2025-04-19 16:45:46,425 - INFO - Tìm thấy 2 peers để gửi tin nhắn
2025-04-19 16:45:46,425 - INFO - Tin nhắn định dạng mạng: CHANNEL:a TIMESTAMP:1745055946.4250104 SENDER_IP:172.17.91.26 SENDER_PORT:20001 SENDER_USERNAME:bob MESSAGE_ID:60f0d3ba-e543-4efd-8459-103ed059226f MESSAGE:hi
2025-04-19 16:45:46,425 - INFO - Đã gửi tin nhắn đến alice (172.17.91.26:20000)
2025-04-19 16:45:46,425 - INFO - Bỏ qua gửi cho chính mình bob (172.17.91.26:20001)
2025-04-19 16:45:46,425 - INFO - Đã gửi tin nhắn đến 1 peer: hi
2025-04-19 16:45:56,605 - INFO - Chuẩn bị gửi tin nhắn trong kênh a: ditme
2025-04-19 16:45:56,615 - INFO - Lấy danh sách peer thành công.
2025-04-19 16:45:56,615 - INFO - Tìm thấy 2 peers để gửi tin nhắn
2025-04-19 16:45:56,615 - INFO - Tin nhắn định dạng mạng: CHANNEL:a TIMESTAMP:1745055956.6154437 SENDER_IP:172.17.91.26 SENDER_PORT:20001 SENDER_USERNAME:bob MESSAGE_ID:58996ef2-2210-4576-a87f-a878d7efc1f9 MESSAGE:ditme
2025-04-19 16:45:56,634 - INFO - Đã gửi tin nhắn đến alice (172.17.91.26:20000)
2025-04-19 16:45:56,634 - INFO - Bỏ qua gửi cho chính mình bob (172.17.91.26:20001)
2025-04-19 16:45:56,634 - INFO - Đã gửi tin nhắn đến 1 peer: ditme
2025-04-19 16:46:01,975 - INFO - PeerClient stopped.
2025-04-23 14:07:33,417 - INFO - PeerClient started.
2025-04-23 14:07:33,418 - INFO - Kết nối tới tracker 127.0.0.1:12345 thành công.
2025-04-23 14:07:33,420 - INFO - Nhận từ tracker: LOGIN_FAIL
2025-04-23 14:07:33,420 - ERROR - Failed to start PeerClient.
2025-04-23 14:07:42,972 - INFO - PeerClient started.
2025-04-23 14:07:42,972 - INFO - PeerClient started.
2025-04-23 14:07:42,975 - INFO - Kết nối tới tracker 127.0.0.1:12345 thành công.
2025-04-23 14:07:42,975 - INFO - Kết nối tới tracker 127.0.0.1:12345 thành công.
2025-04-23 14:07:42,977 - INFO - Nhận từ tracker: LOGIN_SUCCESS 4cef6772-9136-48fc-a4c8-cd3d82d26506
2025-04-23 14:07:42,977 - INFO - Nhận từ tracker: LOGIN_SUCCESS 4cef6772-9136-48fc-a4c8-cd3d82d26506
2025-04-23 14:07:42,977 - INFO - Đăng nhập thành công với session_id: 4cef6772-9136-48fc-a4c8-cd3d82d26506
2025-04-23 14:07:42,977 - INFO - Đăng nhập thành công với session_id: 4cef6772-9136-48fc-a4c8-cd3d82d26506
2025-04-23 14:07:42,978 - INFO - PeerClient started successfully.
2025-04-23 14:07:42,978 - INFO - PeerClient started successfully.
2025-04-23 14:07:42,978 - INFO - P2P Server đang lắng nghe trên cổng 20001
2025-04-23 14:07:42,978 - INFO - P2P Server đang lắng nghe trên cổng 20001
2025-04-23 14:07:42,980 - INFO - Lấy danh sách peer thành công.
2025-04-23 14:07:42,980 - INFO - Lấy danh sách peer thành công.
2025-04-23 14:09:26,939 - INFO - Nhận dữ liệu thô từ ('192.168.244.86', 56937): CHANNEL:a TIMESTAMP:1745392166.9155312 SENDER_IP:192.168.244.86 SENDER_PORT:20000 SENDER_USERNAME:alice MESSAGE_ID:b0913773-8a4d-44a5-ab66-e8275c70061e MESSAGE:hello
2025-04-23 14:09:26,939 - INFO - Nhận dữ liệu thô từ ('192.168.244.86', 56937): CHANNEL:a TIMESTAMP:1745392166.9155312 SENDER_IP:192.168.244.86 SENDER_PORT:20000 SENDER_USERNAME:alice MESSAGE_ID:b0913773-8a4d-44a5-ab66-e8275c70061e MESSAGE:hello
2025-04-23 14:09:26,939 - INFO - Đã phân tích tin nhắn: kênh=a, timestamp=1745392166.9155312, sender=192.168.244.86:20000, username=alice, id=b0913773-8a4d-44a5-ab66-e8275c70061e, message=hello
2025-04-23 14:09:26,939 - INFO - Đã phân tích tin nhắn: kênh=a, timestamp=1745392166.9155312, sender=192.168.244.86:20000, username=alice, id=b0913773-8a4d-44a5-ab66-e8275c70061e, message=hello
2025-04-23 14:09:26,939 - INFO - Nhận tin nhắn từ 192.168.244.86:20000 trên kênh 'a': hello
2025-04-23 14:09:26,939 - INFO - Nhận tin nhắn từ 192.168.244.86:20000 trên kênh 'a': hello
2025-04-23 14:09:26,939 - INFO - Bỏ qua tin nhắn từ kênh 'a' chưa tham gia
2025-04-23 14:09:26,939 - INFO - Bỏ qua tin nhắn từ kênh 'a' chưa tham gia
2025-04-23 14:10:10,870 - INFO - PeerClient stopped.
2025-04-23 14:10:10,870 - INFO - PeerClient stopped.
2025-04-30 16:00:26,143 - INFO - PeerClient started.
2025-04-30 16:00:26,144 - INFO - [Tracker] Kết nối tới tracker 127.0.0.1:22110 thành công.
2025-04-30 16:00:26,145 - INFO - Nhận từ tracker: LOGIN_SUCCESS f7fdff16-a8a7-4f99-90dd-54ba42413f14
2025-04-30 16:00:26,145 - INFO - Login with session_id: f7fdff16-a8a7-4f99-90dd-54ba42413f14
2025-04-30 16:00:26,145 - INFO - PeerClient started successfully.
2025-04-30 16:00:26,145 - INFO - P2P Server đang lắng nghe trên cổng 20001
2025-04-30 16:00:26,146 - INFO - Lấy danh sách peer thành công.
2025-04-30 16:00:31,097 - INFO - Nhận từ tracker: JOINED a
2025-04-30 16:00:31,097 - INFO - Đã chuyển sang kênh 'a'
2025-04-30 16:00:31,097 - INFO - Đã tham gia kênh 'a'
2025-04-30 16:00:31,098 - INFO - Lấy danh sách peer thành công.
2025-04-30 16:00:31,099 - INFO - Đã chuyển sang kênh 'a'
2025-04-30 16:00:33,961 - INFO - Đã chuyển sang kênh 'a'
2025-04-30 16:00:38,698 - INFO - Lấy danh sách peer thành công.
2025-04-30 16:00:38,708 - INFO - Lấy danh sách peer thành công.
2025-04-30 16:00:38,807 - INFO - Lấy danh sách peer thành công.
2025-04-30 16:00:38,916 - INFO - Lấy danh sách peer thành công.
2025-04-30 16:00:39,019 - INFO - Lấy danh sách peer thành công.
2025-04-30 16:00:39,120 - INFO - Lấy danh sách peer thành công.
2025-04-30 16:00:39,228 - INFO - Lấy danh sách peer thành công.
2025-04-30 16:00:39,338 - INFO - Lấy danh sách peer thành công.
2025-04-30 16:00:39,437 - INFO - Lấy danh sách peer thành công.
2025-04-30 16:00:39,537 - INFO - Lấy danh sách peer thành công.
2025-04-30 16:00:39,639 - INFO - Lấy danh sách peer thành công.
2025-04-30 16:00:39,737 - INFO - Lấy danh sách peer thành công.
2025-04-30 16:00:39,847 - INFO - Lấy danh sách peer thành công.
2025-04-30 16:00:39,958 - INFO - Lấy danh sách peer thành công.
2025-04-30 16:00:40,069 - INFO - Lấy danh sách peer thành công.
2025-04-30 16:00:40,175 - INFO - Lấy danh sách peer thành công.
2025-04-30 16:00:40,286 - INFO - Lấy danh sách peer thành công.
2025-04-30 16:00:40,394 - INFO - Lấy danh sách peer thành công.
2025-04-30 16:00:40,501 - INFO - Lấy danh sách peer thành công.
2025-04-30 16:00:40,610 - INFO - Lấy danh sách peer thành công.
2025-04-30 16:00:40,717 - INFO - Lấy danh sách peer thành công.
2025-04-30 16:00:40,827 - INFO - Lấy danh sách peer thành công.
2025-04-30 16:00:40,944 - INFO - Lấy danh sách peer thành công.
2025-04-30 16:00:41,052 - INFO - Lấy danh sách peer thành công.
2025-04-30 16:00:41,146 - INFO - Lấy danh sách peer thành công.
2025-04-30 16:00:41,255 - INFO - Lấy danh sách peer thành công.
2025-04-30 16:00:41,359 - INFO - Lấy danh sách peer thành công.
2025-04-30 16:00:41,474 - INFO - Lấy danh sách peer thành công.
2025-04-30 16:00:41,568 - INFO - Lấy danh sách peer thành công.
2025-04-30 16:00:41,675 - INFO - Lấy danh sách peer thành công.
2025-04-30 16:00:41,785 - INFO - Lấy danh sách peer thành công.
2025-04-30 16:00:41,894 - INFO - Lấy danh sách peer thành công.
2025-04-30 16:00:42,001 - INFO - Lấy danh sách peer thành công.
2025-04-30 16:00:42,110 - INFO - Lấy danh sách peer thành công.
2025-04-30 16:00:42,216 - INFO - Lấy danh sách peer thành công.
2025-04-30 16:00:42,325 - INFO - Lấy danh sách peer thành công.
2025-04-30 16:00:42,433 - INFO - Lấy danh sách peer thành công.
2025-04-30 16:00:42,532 - INFO - Lấy danh sách peer thành công.
2025-04-30 16:00:42,647 - INFO - Lấy danh sách peer thành công.
2025-04-30 16:00:42,759 - INFO - Lấy danh sách peer thành công.
2025-04-30 16:00:42,866 - INFO - Lấy danh sách peer thành công.
2025-04-30 16:00:42,972 - INFO - Lấy danh sách peer thành công.
2025-04-30 16:00:43,082 - INFO - Lấy danh sách peer thành công.
2025-04-30 16:00:43,190 - INFO - Lấy danh sách peer thành công.
2025-04-30 16:00:43,298 - INFO - Lấy danh sách peer thành công.
2025-04-30 16:00:43,409 - INFO - Lấy danh sách peer thành công.
2025-04-30 16:00:43,500 - INFO - Lấy danh sách peer thành công.
2025-04-30 16:00:43,607 - INFO - Lấy danh sách peer thành công.
2025-04-30 16:00:43,717 - INFO - Lấy danh sách peer thành công.
2025-04-30 16:00:43,823 - INFO - Lấy danh sách peer thành công.
2025-04-30 16:00:43,934 - INFO - Lấy danh sách peer thành công.
2025-04-30 16:00:44,026 - INFO - Lấy danh sách peer thành công.
2025-04-30 16:00:44,134 - INFO - Lấy danh sách peer thành công.
2025-04-30 16:00:44,241 - INFO - Lấy danh sách peer thành công.
2025-04-30 16:00:44,342 - INFO - Lấy danh sách peer thành công.
2025-04-30 16:00:44,446 - INFO - Lấy danh sách peer thành công.
2025-04-30 16:00:44,554 - INFO - Lấy danh sách peer thành công.
2025-04-30 16:00:44,663 - INFO - Lấy danh sách peer thành công.
2025-04-30 16:00:44,758 - INFO - Lấy danh sách peer thành công.
2025-04-30 16:00:44,869 - INFO - Lấy danh sách peer thành công.
2025-04-30 16:00:44,979 - INFO - Lấy danh sách peer thành công.
2025-04-30 16:00:45,073 - INFO - Lấy danh sách peer thành công.
2025-04-30 16:00:45,182 - INFO - Lấy danh sách peer thành công.
2025-04-30 16:00:45,292 - INFO - Lấy danh sách peer thành công.
2025-04-30 16:00:45,388 - INFO - Lấy danh sách peer thành công.
2025-04-30 16:00:45,497 - INFO - Lấy danh sách peer thành công.
2025-04-30 16:00:45,510 - INFO - Nhận dữ liệu thô từ ('172.17.104.43', 50904): CONTROL:a:REQUEST_STREAM:alice
2025-04-30 16:00:45,607 - INFO - Lấy danh sách peer thành công.
2025-04-30 16:00:45,714 - INFO - Lấy danh sách peer thành công.
2025-04-30 16:00:45,822 - INFO - Lấy danh sách peer thành công.
2025-04-30 16:00:45,914 - INFO - Lấy danh sách peer thành công.
2025-04-30 16:00:46,022 - INFO - Lấy danh sách peer thành công.
2025-04-30 16:00:46,129 - INFO - Lấy danh sách peer thành công.
2025-04-30 16:00:46,239 - INFO - Lấy danh sách peer thành công.
2025-04-30 16:00:46,346 - INFO - Lấy danh sách peer thành công.
2025-04-30 16:00:46,455 - INFO - Lấy danh sách peer thành công.
2025-04-30 16:00:46,564 - INFO - Lấy danh sách peer thành công.
2025-04-30 16:00:46,669 - INFO - Lấy danh sách peer thành công.
2025-04-30 16:00:46,780 - INFO - Lấy danh sách peer thành công.
2025-04-30 16:00:46,874 - INFO - Lấy danh sách peer thành công.
2025-04-30 16:00:46,981 - INFO - Lấy danh sách peer thành công.
2025-04-30 16:00:47,092 - INFO - Lấy danh sách peer thành công.
2025-04-30 16:00:47,185 - INFO - Lấy danh sách peer thành công.
2025-04-30 16:00:47,294 - INFO - Lấy danh sách peer thành công.
2025-04-30 16:00:47,403 - INFO - Lấy danh sách peer thành công.
2025-04-30 16:00:47,512 - INFO - Lấy danh sách peer thành công.
2025-04-30 16:00:47,620 - INFO - Lấy danh sách peer thành công.
2025-04-30 16:00:47,728 - INFO - Lấy danh sách peer thành công.
2025-04-30 16:00:47,838 - INFO - Lấy danh sách peer thành công.
2025-04-30 16:00:47,946 - INFO - Lấy danh sách peer thành công.
2025-04-30 16:00:48,041 - INFO - Lấy danh sách peer thành công.
2025-04-30 16:00:48,151 - INFO - Lấy danh sách peer thành công.
2025-04-30 16:00:48,260 - INFO - Lấy danh sách peer thành công.
2025-04-30 16:00:48,368 - INFO - Lấy danh sách peer thành công.
2025-04-30 16:00:48,479 - INFO - Lấy danh sách peer thành công.
2025-04-30 16:00:48,585 - INFO - Lấy danh sách peer thành công.
2025-04-30 16:00:48,680 - INFO - Lấy danh sách peer thành công.
2025-04-30 16:00:48,785 - INFO - Lấy danh sách peer thành công.
2025-04-30 16:00:48,895 - INFO - Lấy danh sách peer thành công.
2025-04-30 16:00:49,003 - INFO - Lấy danh sách peer thành công.
2025-04-30 16:00:49,112 - INFO - Lấy danh sách peer thành công.
2025-04-30 16:00:49,221 - INFO - Lấy danh sách peer thành công.
2025-04-30 16:00:49,331 - INFO - Lấy danh sách peer thành công.
2025-04-30 16:00:49,439 - INFO - Lấy danh sách peer thành công.
2025-04-30 16:00:49,549 - INFO - Lấy danh sách peer thành công.
2025-04-30 16:00:49,658 - INFO - Lấy danh sách peer thành công.
2025-04-30 16:00:49,752 - INFO - Lấy danh sách peer thành công.
2025-04-30 16:00:49,859 - INFO - Lấy danh sách peer thành công.
2025-04-30 16:00:49,969 - INFO - Lấy danh sách peer thành công.
2025-04-30 16:00:50,063 - INFO - Lấy danh sách peer thành công.
2025-04-30 16:00:50,170 - INFO - Lấy danh sách peer thành công.
2025-04-30 16:00:50,279 - INFO - Lấy danh sách peer thành công.
2025-04-30 16:00:50,390 - INFO - Lấy danh sách peer thành công.
2025-04-30 16:00:50,495 - INFO - Lấy danh sách peer thành công.
2025-04-30 16:00:50,605 - INFO - Lấy danh sách peer thành công.
2025-04-30 16:00:50,713 - INFO - Lấy danh sách peer thành công.
2025-04-30 16:00:50,822 - INFO - Lấy danh sách peer thành công.
2025-04-30 16:00:50,917 - INFO - Lấy danh sách peer thành công.
2025-04-30 16:00:51,027 - INFO - Lấy danh sách peer thành công.
2025-04-30 16:00:51,135 - INFO - Lấy danh sách peer thành công.
2025-04-30 16:00:51,244 - INFO - Lấy danh sách peer thành công.
2025-04-30 16:00:51,313 - INFO - PeerClient stopped.
