2025-04-08 13:48:51,385 - INFO - PeerClient started.
2025-04-08 13:48:51,385 - INFO - Kết nối tới tracker 127.0.0.1:12345 thành công.
2025-04-08 13:48:51,391 - INFO - Nhận từ tracker: LOGIN_SUCCESS ddc322c8-f030-402f-86ca-ef8acb878673
2025-04-08 13:48:51,391 - INFO - Đăng nhập thành công với session_id: ddc322c8-f030-402f-86ca-ef8acb878673
2025-04-08 13:48:51,391 - INFO - PeerClient started successfully.
2025-04-08 13:48:51,391 - INFO - P2P Server đang lắng nghe trên cổng 5001
2025-04-08 13:48:51,391 - INFO - Lấy danh sách peer thành công.
2025-04-08 13:48:55,275 - INFO - Nhận từ tracker: JOINED a
2025-04-08 13:48:55,275 - INFO - Đã chuyển sang kênh 'a'
2025-04-08 13:48:55,275 - INFO - Đã tham gia kênh 'a'
2025-04-08 13:49:03,770 - INFO - Đã chuyển sang kênh 'a'
2025-04-08 13:49:04,257 - INFO - Đã chuyển sang kênh 'a'
2025-04-08 13:49:05,815 - INFO - Lấy danh sách peer thành công.
2025-04-08 13:49:05,815 - INFO - Đã gửi tin nhắn đến nguyen (10.0.138.11:20000)
2025-04-08 13:49:05,815 - INFO - Đã gửi tin nhắn đến alice (10.0.138.11:5000)
2025-04-08 13:49:05,815 - INFO - Đã gửi tin nhắn đến 2 peer: hello
2025-04-08 13:53:57,600 - INFO - PeerClient stopped.
2025-04-08 15:48:29,085 - INFO - PeerClient started.
2025-04-08 15:48:29,086 - INFO - Kết nối tới tracker 127.0.0.1:12345 thành công.
2025-04-08 15:48:29,091 - INFO - Nhận từ tracker: LOGIN_SUCCESS 9c473116-65eb-485d-bdf8-ac22b4188494
2025-04-08 15:48:29,091 - INFO - Đăng nhập thành công với session_id: 9c473116-65eb-485d-bdf8-ac22b4188494
2025-04-08 15:48:29,091 - INFO - PeerClient started successfully.
2025-04-08 15:48:29,091 - INFO - P2P Server đang lắng nghe trên cổng 5001
2025-04-08 15:48:29,092 - INFO - Lấy danh sách peer thành công.
2025-04-08 15:48:30,468 - INFO - Lấy danh sách peer thành công.
2025-04-08 15:48:32,224 - INFO - Nhận từ tracker: JOINED a
2025-04-08 15:48:32,224 - INFO - Đã chuyển sang kênh 'a'
2025-04-08 15:48:32,224 - INFO - Đã tham gia kênh 'a'
2025-04-08 15:48:33,515 - INFO - Đã chuyển sang kênh 'a'
2025-04-08 15:48:35,061 - INFO - Lấy danh sách peer thành công.
2025-04-08 15:48:37,102 - ERROR - Lỗi gửi tin nhắn đến bob (10.0.138.11:20000): [WinError 10061] No connection could be made because the target machine actively refused it
2025-04-08 15:48:39,143 - ERROR - Lỗi gửi tin nhắn đến nguyen (10.0.138.11:20000): [WinError 10061] No connection could be made because the target machine actively refused it
2025-04-08 15:48:39,143 - INFO - Đã gửi tin nhắn đến 0 peer: hi
2025-04-08 15:48:43,504 - INFO - PeerClient stopped.
